Using pre-set license
Built from '2022.2/release' branch; Version is '2022.2.1f1 (4fead5835099) revision 5237461'; Using compiler version '192829333'; Build Type 'Release'
OS: 'Windows 10  (10.0.19044) 64bit Core' Language: 'ko' Physical Memory: 16197 MB
BatchMode: 1, IsHumanControllingUs: 0, StartBugReporterOnCrash: 0, Is64bit: 1, IsPro: 1

COMMAND LINE ARGUMENTS:
C:\Program Files\Unity\Hub\Editor\2022.2.1f1\Editor\Unity.exe
-adb2
-batchMode
-noUpm
-name
AssetImportWorker4
-projectPath
E:/Unity/LZ_Github/LZ
-logFile
Logs/AssetImportWorker4.log
-srvPort
63182
Successfully changed project path to: E:/Unity/LZ_Github/LZ
E:/Unity/LZ_Github/LZ
[UnityMemory] Configuration Parameters - Can be set up in boot.config
    "memorysetup-bucket-allocator-granularity=16"
    "memorysetup-bucket-allocator-bucket-count=8"
    "memorysetup-bucket-allocator-block-size=33554432"
    "memorysetup-bucket-allocator-block-count=8"
    "memorysetup-main-allocator-block-size=16777216"
    "memorysetup-thread-allocator-block-size=16777216"
    "memorysetup-gfx-main-allocator-block-size=16777216"
    "memorysetup-gfx-thread-allocator-block-size=16777216"
    "memorysetup-cache-allocator-block-size=4194304"
    "memorysetup-typetree-allocator-block-size=2097152"
    "memorysetup-profiler-bucket-allocator-granularity=16"
    "memorysetup-profiler-bucket-allocator-bucket-count=8"
    "memorysetup-profiler-bucket-allocator-block-size=33554432"
    "memorysetup-profiler-bucket-allocator-block-count=8"
    "memorysetup-profiler-allocator-block-size=16777216"
    "memorysetup-profiler-editor-allocator-block-size=1048576"
    "memorysetup-temp-allocator-size-main=16777216"
    "memorysetup-job-temp-allocator-block-size=2097152"
    "memorysetup-job-temp-allocator-block-size-background=1048576"
    "memorysetup-job-temp-allocator-reduction-small-platforms=262144"
    "memorysetup-temp-allocator-size-background-worker=32768"
    "memorysetup-temp-allocator-size-job-worker=262144"
    "memorysetup-temp-allocator-size-preload-manager=33554432"
    "memorysetup-temp-allocator-size-nav-mesh-worker=65536"
    "memorysetup-temp-allocator-size-audio-worker=65536"
    "memorysetup-temp-allocator-size-cloud-worker=32768"
    "memorysetup-temp-allocator-size-gi-baking-worker=262144"
    "memorysetup-temp-allocator-size-gfx=262144"
Player connection [38584] Host "[IP] 192.168.55.23 [Port] 0 [Flags] 2 [Guid] 2639610346 [EditorId] 2639610346 [Version] 1048832 [Id] WindowsEditor(7,DESKTOP-6G5TASU) [Debug] 1 [PackageName] WindowsEditor [ProjectName] Editor" joined multi-casting on [225.0.0.222:54997]...

Player connection [38584] Host "[IP] 192.168.55.23 [Port] 0 [Flags] 2 [Guid] 2639610346 [EditorId] 2639610346 [Version] 1048832 [Id] WindowsEditor(7,DESKTOP-6G5TASU) [Debug] 1 [PackageName] WindowsEditor [ProjectName] Editor" joined alternative multi-casting on [225.0.0.222:34997]...

Refreshing native plugins compatible for Editor in 15.20 ms, found 4 plugins.
Preloading 0 native plugins for Editor in 0.00 ms.
Initialize engine version: 2022.2.1f1 (4fead5835099)
[Subsystems] Discovering subsystems at path C:/Program Files/Unity/Hub/Editor/2022.2.1f1/Editor/Data/Resources/UnitySubsystems
[Subsystems] Discovering subsystems at path E:/Unity/LZ_Github/LZ/Assets
GfxDevice: creating device client; threaded=0; jobified=0
Direct3D:
    Version:  Direct3D 11.0 [level 11.1]
    Renderer: NVIDIA GeForce GTX 1060 3GB (ID=0x1c02)
    Vendor:   NVIDIA
    VRAM:     2988 MB
    Driver:   31.0.15.1694
Initialize mono
Mono path[0] = 'C:/Program Files/Unity/Hub/Editor/2022.2.1f1/Editor/Data/Managed'
Mono path[1] = 'C:/Program Files/Unity/Hub/Editor/2022.2.1f1/Editor/Data/MonoBleedingEdge/lib/mono/unityjit-win32'
Mono config path = 'C:/Program Files/Unity/Hub/Editor/2022.2.1f1/Editor/Data/MonoBleedingEdge/etc'
Using monoOptions --debugger-agent=transport=dt_socket,embedding=1,server=y,suspend=n,address=127.0.0.1:56052
Begin MonoManager ReloadAssembly
Registering precompiled unity dll's ...
Register platform support module: C:/Program Files/Unity/Hub/Editor/2022.2.1f1/Editor/Data/PlaybackEngines/AndroidPlayer/UnityEditor.Android.Extensions.dll
Register platform support module: C:/Program Files/Unity/Hub/Editor/2022.2.1f1/Editor/Data/PlaybackEngines/WindowsStandaloneSupport/UnityEditor.WindowsStandalone.Extensions.dll
Registered in 0.010441 seconds.
- Loaded All Assemblies, in  0.266 seconds
Native extension for WindowsStandalone target not found
Native extension for Android target not found
Android Extension - Scanning For ADB Devices 177 ms
Mono: successfully reloaded assembly
- Finished resetting the current domain, in  0.391 seconds
Domain Reload Profiling:
	ReloadAssembly (157ms)
		BeginReloadAssembly (66ms)
			ExecutionOrderSort (0ms)
			DisableScriptedObjects (0ms)
			BackupInstance (0ms)
			ReleaseScriptingObjects (0ms)
			CreateAndSetChildDomain (1ms)
		LoadAllAssembliesAndSetupDomain (0ms)
			LoadAssemblies (63ms)
			RebuildTransferFunctionScriptingTraits (0ms)
			SetupTypeCache (100ms)
				TypeCache.Initialize (99ms)
					TypeCache.ScanAssembly (98ms)
				ResolveRequiredComponents (0ms)
		FinalizeReload (0ms)
			ReleaseScriptCaches (0ms)
			RebuildScriptCaches (0ms)
			SetupLoadedEditorAssemblies (349ms)
				LogAssemblyErrors (0ms)
				InitializePlatformSupportModulesInManaged (232ms)
				SetLoadedEditorAssemblies (4ms)
				RefreshPlugins (0ms)
				BeforeProcessingInitializeOnLoad (1ms)
				ProcessInitializeOnLoadAttributes (75ms)
				ProcessInitializeOnLoadMethodAttributes (37ms)
				AfterProcessingInitializeOnLoad (0ms)
				EditorAssembliesLoaded (0ms)
			ExecutionOrderSort2 (0ms)
			AwakeInstancesAfterBackupRestoration (0ms)
========================================================================
Worker process is ready to serve import requests
Begin MonoManager ReloadAssembly
Symbol file LoadedFromMemory doesn't match image E:\Unity\LZ_Github\LZ\Library\PackageCache\com.unity.visualscripting@1.7.8\Editor\VisualScripting.Core\Dependencies\YamlDotNet\Unity.VisualScripting.YamlDotNet.dll
Symbol file LoadedFromMemory doesn't match image E:\Unity\LZ_Github\LZ\Library\PackageCache\com.unity.visualscripting@1.7.8\Editor\VisualScripting.Core\Dependencies\DotNetZip\Unity.VisualScripting.IonicZip.dll
- Loaded All Assemblies, in  0.645 seconds
Refreshing native plugins compatible for Editor in 4.57 ms, found 4 plugins.
Native extension for WindowsStandalone target not found
Native extension for Android target not found
Mono: successfully reloaded assembly
Package Manager log level set to [2]
[Package Manager] Server::EnsureServerProcessIsRunning -- launch failed, reason: Unity was launched with the -noUpm command-line argument
[Package Manager] UpmClient::Send -- Unable to send message (not connected to UPM process).
[Package Manager] Cannot connect to Unity Package Manager local server
[Package Manager] Server::EnsureServerProcessIsRunning -- launch failed, reason: Unity was launched with the -noUpm command-line argument
[Package Manager] UpmClient::Send -- Unable to send message (not connected to UPM process).
[Package Manager] Cannot connect to Unity Package Manager local server
- Finished resetting the current domain, in  0.500 seconds
Domain Reload Profiling:
	ReloadAssembly (179ms)
		BeginReloadAssembly (103ms)
			ExecutionOrderSort (0ms)
			DisableScriptedObjects (4ms)
			BackupInstance (0ms)
			ReleaseScriptingObjects (0ms)
			CreateAndSetChildDomain (17ms)
		LoadAllAssembliesAndSetupDomain (462ms)
			LoadAssemblies (86ms)
			RebuildTransferFunctionScriptingTraits (0ms)
			SetupTypeCache (424ms)
				TypeCache.Initialize (239ms)
					TypeCache.ScanAssembly (236ms)
				ResolveRequiredComponents (3ms)
		FinalizeReload (0ms)
			ReleaseScriptCaches (0ms)
			RebuildScriptCaches (0ms)
			SetupLoadedEditorAssemblies (364ms)
				LogAssemblyErrors (0ms)
				InitializePlatformSupportModulesInManaged (17ms)
				SetLoadedEditorAssemblies (6ms)
				RefreshPlugins (0ms)
				BeforeProcessingInitializeOnLoad (99ms)
				ProcessInitializeOnLoadAttributes (203ms)
				ProcessInitializeOnLoadMethodAttributes (31ms)
				AfterProcessingInitializeOnLoad (8ms)
				EditorAssembliesLoaded (0ms)
			ExecutionOrderSort2 (0ms)
			AwakeInstancesAfterBackupRestoration (10ms)
Launched and connected shader compiler UnityShaderCompiler.exe after 0.03 seconds
Refreshing native plugins compatible for Editor in 4.08 ms, found 4 plugins.
Preloading 0 native plugins for Editor in 0.00 ms.
Unloading 4537 Unused Serialized files (Serialized files now loaded: 0)
Unloading 60 unused Assets / (83.3 KB). Loaded Objects now: 4978.
Memory consumption went from 0.67 GB to 0.67 GB.
Total: 2.861000 ms (FindLiveObjects: 0.252400 ms CreateObjectMapping: 0.120700 ms MarkObjects: 2.367100 ms  DeleteObjects: 0.119900 ms)

AssetImportParameters requested are different than current active one (requested -> active):
  custom:container-demuxer-ogg: 62fdf1f143b41e24485cea50d1cbac27 -> 
  custom:video-codec-MediaFoundation-h265: 746d11721c4dcdbdad8f713fa42b33f4 -> 
  custom:video-decoder-ogg-theora: a1e56fd34408186e4bbccfd4996cb3dc -> 
  custom:framework-win-MediaFoundation: 216162199b28c13a410421893ffa2e32 -> 
  custom:container-demuxer-webm: 4f35f7cbe854078d1ac9338744f61a02 -> 
  custom:container-muxer-webm: aa71ff27fc2769a1b78a27578f13a17b -> 
  custom:video-decoder-webm-vp8: 9c59270c3fd7afecdb556c50c9e8de78 -> 
  custom:AudioImporter_EditorPlatform: d09bf68614088b80899f8185d706f6e7 -> 
  custom:video-encoder-webm-vp8: eb34c28f22e8b96e1ab97ce403110664 -> 
  custom:audio-decoder-ogg-vorbis: bf7c407c2cedff20999df2af8eb42d56 -> 
  custom:audio-encoder-webm-vorbis: bf7c407c2cedff20999df2af8eb42d56 -> 
========================================================================
Received Import Request.
  Time since last request: 1544732.480324 seconds.
  path: Assets/Sprites/Buildings/blueHouse_0_0.png
  artifactKey: Guid(e3526af333bb72f44a828f603f764f8e) Importer(815301076,1909f56bfc062723c751e8b465ee728b)
Number of updated assets reloaded before import = 0
Start importing Assets/Sprites/Buildings/blueHouse_0_0.png using Guid(e3526af333bb72f44a828f603f764f8e) Importer(815301076,1909f56bfc062723c751e8b465ee728b)  -> (artifact id: '54e0f613be8ade6ff7692095c65a6f74') in 0.059159 seconds 
Number of asset objects unloaded after import = 2
========================================================================
Received Import Request.
  Time since last request: 0.000025 seconds.
  path: Assets/Sprites/Buildings/greenHouse_0_0.png
  artifactKey: Guid(5162a66180a795548ba8198fb9ea8407) Importer(815301076,1909f56bfc062723c751e8b465ee728b)
Number of updated assets reloaded before import = 0
Start importing Assets/Sprites/Buildings/greenHouse_0_0.png using Guid(5162a66180a795548ba8198fb9ea8407) Importer(815301076,1909f56bfc062723c751e8b465ee728b)  -> (artifact id: '066d7055839d592fa3da9bee3efb4553') in 0.010113 seconds 
Number of asset objects unloaded after import = 2
========================================================================
Received Import Request.
  Time since last request: 0.000015 seconds.
  path: Assets/Sprites/Buildings/blueHouse_2_1.png
  artifactKey: Guid(119e027ec9062ce46ba5877932f40254) Importer(815301076,1909f56bfc062723c751e8b465ee728b)
Number of updated assets reloaded before import = 0
Start importing Assets/Sprites/Buildings/blueHouse_2_1.png using Guid(119e027ec9062ce46ba5877932f40254) Importer(815301076,1909f56bfc062723c751e8b465ee728b)  -> (artifact id: 'c76062e496567a1788419611da302144') in 0.009177 seconds 
Number of asset objects unloaded after import = 2
========================================================================
Received Import Request.
  Time since last request: 12.600965 seconds.
  path: Assets/Sprites/Buildings/blueHouse_0_1.png
  artifactKey: Guid(301d858df901fa749a6eb8f27cbc05c0) Importer(815301076,1909f56bfc062723c751e8b465ee728b)
Number of updated assets reloaded before import = 0
Start importing Assets/Sprites/Buildings/blueHouse_0_1.png using Guid(301d858df901fa749a6eb8f27cbc05c0) Importer(815301076,1909f56bfc062723c751e8b465ee728b)  -> (artifact id: '73ef67f3172a9aa6d61e0c1a12e2e156') in 0.048129 seconds 
Number of asset objects unloaded after import = 10
========================================================================
Received Import Request.
  Time since last request: 8.402299 seconds.
  path: Assets/Sprites/Buildings/blueHouse_0_1.png
  artifactKey: Guid(301d858df901fa749a6eb8f27cbc05c0) Importer(815301076,1909f56bfc062723c751e8b465ee728b)
Number of updated assets reloaded before import = 0
Start importing Assets/Sprites/Buildings/blueHouse_0_1.png using Guid(301d858df901fa749a6eb8f27cbc05c0) Importer(815301076,1909f56bfc062723c751e8b465ee728b)  -> (artifact id: '5a12a6161d6815627258665df5c2e042') in 0.010188 seconds 
Number of asset objects unloaded after import = 3
========================================================================
Received Import Request.
  Time since last request: 70.303502 seconds.
  path: Assets/Sprites/Buildings/redHouse_1_0.png
  artifactKey: Guid(d38169e876059994da6beef288dfbdbf) Importer(815301076,1909f56bfc062723c751e8b465ee728b)
Number of updated assets reloaded before import = 0
Start importing Assets/Sprites/Buildings/redHouse_1_0.png using Guid(d38169e876059994da6beef288dfbdbf) Importer(815301076,1909f56bfc062723c751e8b465ee728b)  -> (artifact id: '8e25b6a6260bf397c6bdc190ee5fece2') in 0.011871 seconds 
Number of asset objects unloaded after import = 3
========================================================================
Received Import Request.
  Time since last request: 74.305476 seconds.
  path: Assets/Sprites/Buildings/greenHouse_4_1.png
  artifactKey: Guid(c4a3baea4b760a44da41eff0285e6ae8) Importer(815301076,1909f56bfc062723c751e8b465ee728b)
Number of updated assets reloaded before import = 0
Start importing Assets/Sprites/Buildings/greenHouse_4_1.png using Guid(c4a3baea4b760a44da41eff0285e6ae8) Importer(815301076,1909f56bfc062723c751e8b465ee728b)  -> (artifact id: '4010015898e964ebc6cf6ba4f333e508') in 0.009959 seconds 
Number of asset objects unloaded after import = 3
========================================================================
Received Import Request.
  Time since last request: 153.928177 seconds.
  path: Assets/Sprites/Buildings/blueHouse_0_1.png
  artifactKey: Guid(301d858df901fa749a6eb8f27cbc05c0) Importer(815301076,1909f56bfc062723c751e8b465ee728b)
Number of updated assets reloaded before import = 0
Start importing Assets/Sprites/Buildings/blueHouse_0_1.png using Guid(301d858df901fa749a6eb8f27cbc05c0) Importer(815301076,1909f56bfc062723c751e8b465ee728b)  -> (artifact id: '7faeb61f5ad36524bedd539a31c033d3') in 0.011436 seconds 
Number of asset objects unloaded after import = 3
========================================================================
Received Import Request.
  Time since last request: 40.407317 seconds.
  path: Assets/Sprites/Buildings/greenHouse_4_1.png
  artifactKey: Guid(c4a3baea4b760a44da41eff0285e6ae8) Importer(815301076,1909f56bfc062723c751e8b465ee728b)
Number of updated assets reloaded before import = 0
Start importing Assets/Sprites/Buildings/greenHouse_4_1.png using Guid(c4a3baea4b760a44da41eff0285e6ae8) Importer(815301076,1909f56bfc062723c751e8b465ee728b)  -> (artifact id: '1409a819d6fe225f19319e3cfec909b7') in 0.011072 seconds 
Number of asset objects unloaded after import = 3
========================================================================
Received Import Request.
  Time since last request: 39.322089 seconds.
  path: Assets/Sprites/Buildings/redHouse_1_0.png
  artifactKey: Guid(d38169e876059994da6beef288dfbdbf) Importer(815301076,1909f56bfc062723c751e8b465ee728b)
Number of updated assets reloaded before import = 0
Start importing Assets/Sprites/Buildings/redHouse_1_0.png using Guid(d38169e876059994da6beef288dfbdbf) Importer(815301076,1909f56bfc062723c751e8b465ee728b)  -> (artifact id: 'e0f64d1a9a6970c2bbcaa9a8e09bcc20') in 0.068599 seconds 
Number of asset objects unloaded after import = 3
========================================================================
Received Import Request.
  Time since last request: 42.701216 seconds.
  path: Assets/Sprites/Icon/furnace.png
  artifactKey: Guid(ebe422b3809b9d942b0fb85a7e9707df) Importer(815301076,1909f56bfc062723c751e8b465ee728b)
Number of updated assets reloaded before import = 0
Start importing Assets/Sprites/Icon/furnace.png using Guid(ebe422b3809b9d942b0fb85a7e9707df) Importer(815301076,1909f56bfc062723c751e8b465ee728b)  -> (artifact id: '54220bd78fdab80a1d4d7bc6bd6c63c0') in 0.024803 seconds 
Number of asset objects unloaded after import = 11
========================================================================
Received Import Request.
  Time since last request: 47.057646 seconds.
  path: Assets/Sprites/Icon/forestVillageObjects.png
  artifactKey: Guid(79311a5c34b4b494181799f0882e1f25) Importer(815301076,1909f56bfc062723c751e8b465ee728b)
Number of updated assets reloaded before import = 0
Start importing Assets/Sprites/Icon/forestVillageObjects.png using Guid(79311a5c34b4b494181799f0882e1f25) Importer(815301076,1909f56bfc062723c751e8b465ee728b)  -> (artifact id: 'c4cd0bdaa1410c17600993a1ef9c3a27') in 0.030076 seconds 
Number of asset objects unloaded after import = 19
========================================================================
Received Import Request.
  Time since last request: 53.338803 seconds.
  path: Assets/Sprites/Icon/forestVillageObjects.png
  artifactKey: Guid(79311a5c34b4b494181799f0882e1f25) Importer(815301076,1909f56bfc062723c751e8b465ee728b)
Number of updated assets reloaded before import = 0
Start importing Assets/Sprites/Icon/forestVillageObjects.png using Guid(79311a5c34b4b494181799f0882e1f25) Importer(815301076,1909f56bfc062723c751e8b465ee728b)  -> (artifact id: 'ce847309eea111a1ebf4f5166927019c') in 0.027943 seconds 
Number of asset objects unloaded after import = 19
========================================================================
Received Import Request.
  Time since last request: 69.872668 seconds.
  path: Assets/Sprites/tundra/tundraObjects_.png
  artifactKey: Guid(0e7de089ed78f174597d6eadac5eaf5b) Importer(815301076,1909f56bfc062723c751e8b465ee728b)
Number of updated assets reloaded before import = 0
Start importing Assets/Sprites/tundra/tundraObjects_.png using Guid(0e7de089ed78f174597d6eadac5eaf5b) Importer(815301076,1909f56bfc062723c751e8b465ee728b)  -> (artifact id: 'b0cdd0e10c4814652f09d4fcceb172e0') in 0.021547 seconds 
Number of asset objects unloaded after import = 15
