Using pre-set license
Built from '2022.2/release' branch; Version is '2022.2.1f1 (4fead5835099) revision 5237461'; Using compiler version '192829333'; Build Type 'Release'
OS: 'Windows 10  (10.0.19044) 64bit Core' Language: 'ko' Physical Memory: 16197 MB
BatchMode: 1, IsHumanControllingUs: 0, StartBugReporterOnCrash: 0, Is64bit: 1, IsPro: 1

COMMAND LINE ARGUMENTS:
C:\Program Files\Unity\Hub\Editor\2022.2.1f1\Editor\Unity.exe
-adb2
-batchMode
-noUpm
-name
AssetImportWorker6
-projectPath
E:/Unity/LZ_Github/LZ
-logFile
Logs/AssetImportWorker6.log
-srvPort
51369
Successfully changed project path to: E:/Unity/LZ_Github/LZ
E:/Unity/LZ_Github/LZ
[UnityMemory] Configuration Parameters - Can be set up in boot.config
    "memorysetup-bucket-allocator-granularity=16"
    "memorysetup-bucket-allocator-bucket-count=8"
    "memorysetup-bucket-allocator-block-size=33554432"
    "memorysetup-bucket-allocator-block-count=8"
    "memorysetup-main-allocator-block-size=16777216"
    "memorysetup-thread-allocator-block-size=16777216"
    "memorysetup-gfx-main-allocator-block-size=16777216"
    "memorysetup-gfx-thread-allocator-block-size=16777216"
    "memorysetup-cache-allocator-block-size=4194304"
    "memorysetup-typetree-allocator-block-size=2097152"
    "memorysetup-profiler-bucket-allocator-granularity=16"
    "memorysetup-profiler-bucket-allocator-bucket-count=8"
    "memorysetup-profiler-bucket-allocator-block-size=33554432"
    "memorysetup-profiler-bucket-allocator-block-count=8"
    "memorysetup-profiler-allocator-block-size=16777216"
    "memorysetup-profiler-editor-allocator-block-size=1048576"
    "memorysetup-temp-allocator-size-main=16777216"
    "memorysetup-job-temp-allocator-block-size=2097152"
    "memorysetup-job-temp-allocator-block-size-background=1048576"
    "memorysetup-job-temp-allocator-reduction-small-platforms=262144"
    "memorysetup-temp-allocator-size-background-worker=32768"
    "memorysetup-temp-allocator-size-job-worker=262144"
    "memorysetup-temp-allocator-size-preload-manager=33554432"
    "memorysetup-temp-allocator-size-nav-mesh-worker=65536"
    "memorysetup-temp-allocator-size-audio-worker=65536"
    "memorysetup-temp-allocator-size-cloud-worker=32768"
    "memorysetup-temp-allocator-size-gi-baking-worker=262144"
    "memorysetup-temp-allocator-size-gfx=262144"
Player connection [20844] Host "[IP] 192.168.55.23 [Port] 0 [Flags] 2 [Guid] 2867773248 [EditorId] 2867773248 [Version] 1048832 [Id] WindowsEditor(7,DESKTOP-6G5TASU) [Debug] 1 [PackageName] WindowsEditor [ProjectName] Editor" joined multi-casting on [225.0.0.222:54997]...

Player connection [20844] Host "[IP] 192.168.55.23 [Port] 0 [Flags] 2 [Guid] 2867773248 [EditorId] 2867773248 [Version] 1048832 [Id] WindowsEditor(7,DESKTOP-6G5TASU) [Debug] 1 [PackageName] WindowsEditor [ProjectName] Editor" joined alternative multi-casting on [225.0.0.222:34997]...

Refreshing native plugins compatible for Editor in 225.87 ms, found 4 plugins.
Preloading 0 native plugins for Editor in 0.00 ms.
Initialize engine version: 2022.2.1f1 (4fead5835099)
[Subsystems] Discovering subsystems at path C:/Program Files/Unity/Hub/Editor/2022.2.1f1/Editor/Data/Resources/UnitySubsystems
[Subsystems] Discovering subsystems at path E:/Unity/LZ_Github/LZ/Assets
GfxDevice: creating device client; threaded=0; jobified=0
Direct3D:
    Version:  Direct3D 11.0 [level 11.1]
    Renderer: NVIDIA GeForce GTX 1060 3GB (ID=0x1c02)
    Vendor:   NVIDIA
    VRAM:     2988 MB
    Driver:   31.0.15.1694
Initialize mono
Mono path[0] = 'C:/Program Files/Unity/Hub/Editor/2022.2.1f1/Editor/Data/Managed'
Mono path[1] = 'C:/Program Files/Unity/Hub/Editor/2022.2.1f1/Editor/Data/MonoBleedingEdge/lib/mono/unityjit-win32'
Mono config path = 'C:/Program Files/Unity/Hub/Editor/2022.2.1f1/Editor/Data/MonoBleedingEdge/etc'
Using monoOptions --debugger-agent=transport=dt_socket,embedding=1,server=y,suspend=n,address=127.0.0.1:56100
Begin MonoManager ReloadAssembly
Registering precompiled unity dll's ...
Register platform support module: C:/Program Files/Unity/Hub/Editor/2022.2.1f1/Editor/Data/PlaybackEngines/AndroidPlayer/UnityEditor.Android.Extensions.dll
Register platform support module: C:/Program Files/Unity/Hub/Editor/2022.2.1f1/Editor/Data/PlaybackEngines/WindowsStandaloneSupport/UnityEditor.WindowsStandalone.Extensions.dll
Registered in 0.011479 seconds.
- Loaded All Assemblies, in  0.492 seconds
Native extension for WindowsStandalone target not found
Native extension for Android target not found
Android Extension - Scanning For ADB Devices 250 ms
Mono: successfully reloaded assembly
- Finished resetting the current domain, in  0.478 seconds
Domain Reload Profiling:
	ReloadAssembly (255ms)
		BeginReloadAssembly (68ms)
			ExecutionOrderSort (0ms)
			DisableScriptedObjects (0ms)
			BackupInstance (0ms)
			ReleaseScriptingObjects (0ms)
			CreateAndSetChildDomain (1ms)
		LoadAllAssembliesAndSetupDomain (0ms)
			LoadAssemblies (67ms)
			RebuildTransferFunctionScriptingTraits (0ms)
			SetupTypeCache (226ms)
				TypeCache.Initialize (225ms)
					TypeCache.ScanAssembly (223ms)
				ResolveRequiredComponents (1ms)
		FinalizeReload (0ms)
			ReleaseScriptCaches (0ms)
			RebuildScriptCaches (0ms)
			SetupLoadedEditorAssemblies (434ms)
				LogAssemblyErrors (0ms)
				InitializePlatformSupportModulesInManaged (312ms)
				SetLoadedEditorAssemblies (4ms)
				RefreshPlugins (0ms)
				BeforeProcessingInitializeOnLoad (1ms)
				ProcessInitializeOnLoadAttributes (74ms)
				ProcessInitializeOnLoadMethodAttributes (43ms)
				AfterProcessingInitializeOnLoad (0ms)
				EditorAssembliesLoaded (0ms)
			ExecutionOrderSort2 (0ms)
			AwakeInstancesAfterBackupRestoration (0ms)
========================================================================
Worker process is ready to serve import requests
Begin MonoManager ReloadAssembly
Symbol file LoadedFromMemory doesn't match image E:\Unity\LZ_Github\LZ\Library\PackageCache\com.unity.visualscripting@1.7.8\Editor\VisualScripting.Core\Dependencies\YamlDotNet\Unity.VisualScripting.YamlDotNet.dll
Symbol file LoadedFromMemory doesn't match image E:\Unity\LZ_Github\LZ\Library\PackageCache\com.unity.visualscripting@1.7.8\Editor\VisualScripting.Core\Dependencies\DotNetZip\Unity.VisualScripting.IonicZip.dll
- Loaded All Assemblies, in  0.638 seconds
Refreshing native plugins compatible for Editor in 4.51 ms, found 4 plugins.
Native extension for WindowsStandalone target not found
Native extension for Android target not found
Mono: successfully reloaded assembly
Package Manager log level set to [2]
[Package Manager] Server::EnsureServerProcessIsRunning -- launch failed, reason: Unity was launched with the -noUpm command-line argument
[Package Manager] UpmClient::Send -- Unable to send message (not connected to UPM process).
[Package Manager] Cannot connect to Unity Package Manager local server
[Package Manager] Server::EnsureServerProcessIsRunning -- launch failed, reason: Unity was launched with the -noUpm command-line argument
[Package Manager] UpmClient::Send -- Unable to send message (not connected to UPM process).
[Package Manager] Cannot connect to Unity Package Manager local server
- Finished resetting the current domain, in  0.673 seconds
Domain Reload Profiling:
	ReloadAssembly (174ms)
		BeginReloadAssembly (102ms)
			ExecutionOrderSort (0ms)
			DisableScriptedObjects (4ms)
			BackupInstance (0ms)
			ReleaseScriptingObjects (0ms)
			CreateAndSetChildDomain (16ms)
		LoadAllAssembliesAndSetupDomain (461ms)
			LoadAssemblies (88ms)
			RebuildTransferFunctionScriptingTraits (0ms)
			SetupTypeCache (422ms)
				TypeCache.Initialize (223ms)
					TypeCache.ScanAssembly (220ms)
				ResolveRequiredComponents (3ms)
		FinalizeReload (0ms)
			ReleaseScriptCaches (0ms)
			RebuildScriptCaches (0ms)
			SetupLoadedEditorAssemblies (441ms)
				LogAssemblyErrors (0ms)
				InitializePlatformSupportModulesInManaged (18ms)
				SetLoadedEditorAssemblies (8ms)
				RefreshPlugins (0ms)
				BeforeProcessingInitializeOnLoad (103ms)
				ProcessInitializeOnLoadAttributes (273ms)
				ProcessInitializeOnLoadMethodAttributes (31ms)
				AfterProcessingInitializeOnLoad (8ms)
				EditorAssembliesLoaded (0ms)
			ExecutionOrderSort2 (0ms)
			AwakeInstancesAfterBackupRestoration (10ms)
Launched and connected shader compiler UnityShaderCompiler.exe after 0.06 seconds
Refreshing native plugins compatible for Editor in 4.20 ms, found 4 plugins.
Preloading 0 native plugins for Editor in 0.00 ms.
Unloading 4531 Unused Serialized files (Serialized files now loaded: 0)
Unloading 60 unused Assets / (83.3 KB). Loaded Objects now: 4971.
Memory consumption went from 0.67 GB to 0.67 GB.
Total: 2.599400 ms (FindLiveObjects: 0.249000 ms CreateObjectMapping: 0.123400 ms MarkObjects: 2.121200 ms  DeleteObjects: 0.104900 ms)

AssetImportParameters requested are different than current active one (requested -> active):
  custom:container-demuxer-ogg: 62fdf1f143b41e24485cea50d1cbac27 -> 
  custom:video-codec-MediaFoundation-h265: 746d11721c4dcdbdad8f713fa42b33f4 -> 
  custom:video-decoder-ogg-theora: a1e56fd34408186e4bbccfd4996cb3dc -> 
  custom:framework-win-MediaFoundation: 216162199b28c13a410421893ffa2e32 -> 
  custom:container-demuxer-webm: 4f35f7cbe854078d1ac9338744f61a02 -> 
  custom:container-muxer-webm: aa71ff27fc2769a1b78a27578f13a17b -> 
  custom:video-decoder-webm-vp8: 9c59270c3fd7afecdb556c50c9e8de78 -> 
  custom:AudioImporter_EditorPlatform: d09bf68614088b80899f8185d706f6e7 -> 
  custom:video-encoder-webm-vp8: eb34c28f22e8b96e1ab97ce403110664 -> 
  custom:audio-decoder-ogg-vorbis: bf7c407c2cedff20999df2af8eb42d56 -> 
  custom:audio-encoder-webm-vorbis: bf7c407c2cedff20999df2af8eb42d56 -> 
========================================================================
Received Import Request.
  Time since last request: 948322.195171 seconds.
  path: Assets/Sprites/sprites_outlined/tile053.png
  artifactKey: Guid(87f8d52b3724f724ca63c4c3edb3d0d4) Importer(815301076,1909f56bfc062723c751e8b465ee728b)
Number of updated assets reloaded before import = 0
Start importing Assets/Sprites/sprites_outlined/tile053.png using Guid(87f8d52b3724f724ca63c4c3edb3d0d4) Importer(815301076,1909f56bfc062723c751e8b465ee728b)  -> (artifact id: '8a77aa0081a099e0f43404cf58ff0ee4') in 0.102267 seconds 
Number of asset objects unloaded after import = 3
========================================================================
Received Import Request.
  Time since last request: 0.000022 seconds.
  path: Assets/Sprites/sprites_outlined/tile116.png
  artifactKey: Guid(8112a5ef7c17e7644b9f03d189d3de14) Importer(815301076,1909f56bfc062723c751e8b465ee728b)
Number of updated assets reloaded before import = 0
Start importing Assets/Sprites/sprites_outlined/tile116.png using Guid(8112a5ef7c17e7644b9f03d189d3de14) Importer(815301076,1909f56bfc062723c751e8b465ee728b)  -> (artifact id: '8bdca13db181e2bc75d32aafe034b4e6') in 0.011100 seconds 
Number of asset objects unloaded after import = 3
========================================================================
Received Import Request.
  Time since last request: 0.000024 seconds.
  path: Assets/Sprites/sprites_outlined/tile122.png
  artifactKey: Guid(6983cc004ee1fcd4a8ca01531ea3fd9b) Importer(815301076,1909f56bfc062723c751e8b465ee728b)
Number of updated assets reloaded before import = 0
Start importing Assets/Sprites/sprites_outlined/tile122.png using Guid(6983cc004ee1fcd4a8ca01531ea3fd9b) Importer(815301076,1909f56bfc062723c751e8b465ee728b)  -> (artifact id: '370c3ed390768af13e264eb6de6b0be0') in 0.010508 seconds 
Number of asset objects unloaded after import = 3
========================================================================
Received Import Request.
  Time since last request: 0.000019 seconds.
  path: Assets/Sprites/sprites_outlined/tile123.png
  artifactKey: Guid(cfc6265d892515d41b7cbc97e73b1ab9) Importer(815301076,1909f56bfc062723c751e8b465ee728b)
Number of updated assets reloaded before import = 0
Start importing Assets/Sprites/sprites_outlined/tile123.png using Guid(cfc6265d892515d41b7cbc97e73b1ab9) Importer(815301076,1909f56bfc062723c751e8b465ee728b)  -> (artifact id: '81645d4817a0342ad78ffea651618cfc') in 0.011095 seconds 
Number of asset objects unloaded after import = 3
========================================================================
Received Import Request.
  Time since last request: 0.000016 seconds.
  path: Assets/Sprites/sprites_outlined/tile129.png
  artifactKey: Guid(499f25dd17997c449b97d6c1ffbb41fa) Importer(815301076,1909f56bfc062723c751e8b465ee728b)
Number of updated assets reloaded before import = 0
Start importing Assets/Sprites/sprites_outlined/tile129.png using Guid(499f25dd17997c449b97d6c1ffbb41fa) Importer(815301076,1909f56bfc062723c751e8b465ee728b)  -> (artifact id: 'bdd85e9083f69eab7428081a45f3440c') in 0.011035 seconds 
Number of asset objects unloaded after import = 3
========================================================================
Received Import Request.
  Time since last request: 0.000017 seconds.
  path: Assets/Sprites/sprites_outlined/tile132.png
  artifactKey: Guid(8dacded5b34265048a7da5e1f6fbb311) Importer(815301076,1909f56bfc062723c751e8b465ee728b)
Number of updated assets reloaded before import = 0
Start importing Assets/Sprites/sprites_outlined/tile132.png using Guid(8dacded5b34265048a7da5e1f6fbb311) Importer(815301076,1909f56bfc062723c751e8b465ee728b)  -> (artifact id: '7ed41ab13b409af4c79a1d0e13c70f25') in 0.011775 seconds 
Number of asset objects unloaded after import = 3
========================================================================
Received Import Request.
  Time since last request: 0.000017 seconds.
  path: Assets/Sprites/sprites_outlined/tile134.png
  artifactKey: Guid(6d8edbb223b06aa4583c9fcfd93c0e66) Importer(815301076,1909f56bfc062723c751e8b465ee728b)
Number of updated assets reloaded before import = 0
Start importing Assets/Sprites/sprites_outlined/tile134.png using Guid(6d8edbb223b06aa4583c9fcfd93c0e66) Importer(815301076,1909f56bfc062723c751e8b465ee728b)  -> (artifact id: 'e8f99138a769544c486e2e56ceff6e0b') in 0.011989 seconds 
Number of asset objects unloaded after import = 3
========================================================================
Received Import Request.
  Time since last request: 0.000017 seconds.
  path: Assets/Sprites/sprites_outlined/tile135.png
  artifactKey: Guid(6e6d2e42ccfed2e4b82c51bae67db5ee) Importer(815301076,1909f56bfc062723c751e8b465ee728b)
Number of updated assets reloaded before import = 0
Start importing Assets/Sprites/sprites_outlined/tile135.png using Guid(6e6d2e42ccfed2e4b82c51bae67db5ee) Importer(815301076,1909f56bfc062723c751e8b465ee728b)  -> (artifact id: 'a01f7fda546d10373a0cf0734ea93b2c') in 0.012078 seconds 
Number of asset objects unloaded after import = 3
========================================================================
Received Import Request.
  Time since last request: 0.000019 seconds.
  path: Assets/Sprites/sprites_outlined/tile143.png
  artifactKey: Guid(e2fb8395b40042f41ad4ae06b203cbd0) Importer(815301076,1909f56bfc062723c751e8b465ee728b)
Number of updated assets reloaded before import = 0
Start importing Assets/Sprites/sprites_outlined/tile143.png using Guid(e2fb8395b40042f41ad4ae06b203cbd0) Importer(815301076,1909f56bfc062723c751e8b465ee728b)  -> (artifact id: '29b6c58778e036a1f140ec4b704d7be6') in 0.011535 seconds 
Number of asset objects unloaded after import = 3
========================================================================
Received Import Request.
  Time since last request: 0.000016 seconds.
  path: Assets/Sprites/sprites_outlined/tile146.png
  artifactKey: Guid(7aa29da1c7dd8044cafecb05daef1aaa) Importer(815301076,1909f56bfc062723c751e8b465ee728b)
Number of updated assets reloaded before import = 0
Start importing Assets/Sprites/sprites_outlined/tile146.png using Guid(7aa29da1c7dd8044cafecb05daef1aaa) Importer(815301076,1909f56bfc062723c751e8b465ee728b)  -> (artifact id: 'e47ff2b315cafd6c118429f47cc5f6e2') in 0.011460 seconds 
Number of asset objects unloaded after import = 3
========================================================================
Received Import Request.
  Time since last request: 0.000018 seconds.
  path: Assets/Sprites/sprites_outlined/tile149.png
  artifactKey: Guid(278852f343c92ad47a886dd8da3c7c67) Importer(815301076,1909f56bfc062723c751e8b465ee728b)
Number of updated assets reloaded before import = 0
Start importing Assets/Sprites/sprites_outlined/tile149.png using Guid(278852f343c92ad47a886dd8da3c7c67) Importer(815301076,1909f56bfc062723c751e8b465ee728b)  -> (artifact id: '6520831ffe0e1b753c84f26047752009') in 0.012568 seconds 
Number of asset objects unloaded after import = 3
========================================================================
Received Import Request.
  Time since last request: 0.000017 seconds.
  path: Assets/Sprites/sprites_outlined/tile159.png
  artifactKey: Guid(c855e14cf7a91a34bb3d9f205f3579c9) Importer(815301076,1909f56bfc062723c751e8b465ee728b)
Number of updated assets reloaded before import = 0
Start importing Assets/Sprites/sprites_outlined/tile159.png using Guid(c855e14cf7a91a34bb3d9f205f3579c9) Importer(815301076,1909f56bfc062723c751e8b465ee728b)  -> (artifact id: '3387554cff7bf020b508c348248b32d1') in 0.010425 seconds 
Number of asset objects unloaded after import = 3
========================================================================
Received Import Request.
  Time since last request: 0.000023 seconds.
  path: Assets/Sprites/sprites_outlined/tile167.png
  artifactKey: Guid(05ebb9a07198a1e49bb0fe59fc153c67) Importer(815301076,1909f56bfc062723c751e8b465ee728b)
Number of updated assets reloaded before import = 0
Start importing Assets/Sprites/sprites_outlined/tile167.png using Guid(05ebb9a07198a1e49bb0fe59fc153c67) Importer(815301076,1909f56bfc062723c751e8b465ee728b)  -> (artifact id: 'c9774e0ab6053c8ab64f75ed6cae0f26') in 0.011019 seconds 
Number of asset objects unloaded after import = 3
========================================================================
Received Import Request.
  Time since last request: 0.000023 seconds.
  path: Assets/Sprites/sprites_outlined/tile160.png
  artifactKey: Guid(43968af26fb4d8d48ab732eda16f03cb) Importer(815301076,1909f56bfc062723c751e8b465ee728b)
Number of updated assets reloaded before import = 0
Start importing Assets/Sprites/sprites_outlined/tile160.png using Guid(43968af26fb4d8d48ab732eda16f03cb) Importer(815301076,1909f56bfc062723c751e8b465ee728b)  -> (artifact id: '1341b0752dc9a57ae44a1ae99896a791') in 0.010977 seconds 
Number of asset objects unloaded after import = 3
========================================================================
Received Import Request.
  Time since last request: 0.000024 seconds.
  path: Assets/Sprites/sprites_outlined/tile163.png
  artifactKey: Guid(d0dbdbca1e09078449ffe4969a280b15) Importer(815301076,1909f56bfc062723c751e8b465ee728b)
Number of updated assets reloaded before import = 0
Start importing Assets/Sprites/sprites_outlined/tile163.png using Guid(d0dbdbca1e09078449ffe4969a280b15) Importer(815301076,1909f56bfc062723c751e8b465ee728b)  -> (artifact id: '260f69ba03cc1f07ec12f702984c6890') in 0.012018 seconds 
Number of asset objects unloaded after import = 3
========================================================================
Received Import Request.
  Time since last request: 0.000018 seconds.
  path: Assets/Sprites/sprites_outlined/tile156.png
  artifactKey: Guid(d812bd999507cf84c950c405b602ba6b) Importer(815301076,1909f56bfc062723c751e8b465ee728b)
Number of updated assets reloaded before import = 0
Start importing Assets/Sprites/sprites_outlined/tile156.png using Guid(d812bd999507cf84c950c405b602ba6b) Importer(815301076,1909f56bfc062723c751e8b465ee728b)  -> (artifact id: '86cdbf89b3bf69b3a96c54ae66b751b9') in 0.012204 seconds 
Number of asset objects unloaded after import = 3
========================================================================
Received Import Request.
  Time since last request: 0.000034 seconds.
  path: Assets/Sprites/sprites_outlined/tile120.png
  artifactKey: Guid(12e874e85679a5c4cabb891d945735db) Importer(815301076,1909f56bfc062723c751e8b465ee728b)
Number of updated assets reloaded before import = 0
Start importing Assets/Sprites/sprites_outlined/tile120.png using Guid(12e874e85679a5c4cabb891d945735db) Importer(815301076,1909f56bfc062723c751e8b465ee728b)  -> (artifact id: '660201b09496382ac27252df9be358bd') in 0.011323 seconds 
Number of asset objects unloaded after import = 3
========================================================================
Received Import Request.
  Time since last request: 0.000016 seconds.
  path: Assets/Sprites/sprites_outlined/tile175.png
  artifactKey: Guid(361f6721d4fdcdf428df88760861381c) Importer(815301076,1909f56bfc062723c751e8b465ee728b)
Number of updated assets reloaded before import = 0
Start importing Assets/Sprites/sprites_outlined/tile175.png using Guid(361f6721d4fdcdf428df88760861381c) Importer(815301076,1909f56bfc062723c751e8b465ee728b)  -> (artifact id: '06484ab6466deaf63a8907c37176f08c') in 0.010824 seconds 
Number of asset objects unloaded after import = 3
========================================================================
Received Import Request.
  Time since last request: 0.000023 seconds.
  path: Assets/Sprites/sprites_outlined/tile173.png
  artifactKey: Guid(7e5113b3dab8b0a4493f4c5906391ee6) Importer(815301076,1909f56bfc062723c751e8b465ee728b)
Number of updated assets reloaded before import = 0
Start importing Assets/Sprites/sprites_outlined/tile173.png using Guid(7e5113b3dab8b0a4493f4c5906391ee6) Importer(815301076,1909f56bfc062723c751e8b465ee728b)  -> (artifact id: 'c8c56e4b9f0aa3def77c477dab13a8c0') in 0.011206 seconds 
Number of asset objects unloaded after import = 3
========================================================================
Received Import Request.
  Time since last request: 0.000022 seconds.
  path: Assets/Sprites/sprites_outlined/tile204.png
  artifactKey: Guid(64a724fddb1f2f140a9da9ed6034723a) Importer(815301076,1909f56bfc062723c751e8b465ee728b)
Number of updated assets reloaded before import = 0
Start importing Assets/Sprites/sprites_outlined/tile204.png using Guid(64a724fddb1f2f140a9da9ed6034723a) Importer(815301076,1909f56bfc062723c751e8b465ee728b)  -> (artifact id: 'f17c6d369786a0f536464f3f440a285f') in 0.010488 seconds 
Number of asset objects unloaded after import = 3
========================================================================
Received Import Request.
  Time since last request: 0.000021 seconds.
  path: Assets/Sprites/sprites_outlined/tile176.png
  artifactKey: Guid(ab4d102ef30a3ff4591c767153d7d725) Importer(815301076,1909f56bfc062723c751e8b465ee728b)
Number of updated assets reloaded before import = 0
Start importing Assets/Sprites/sprites_outlined/tile176.png using Guid(ab4d102ef30a3ff4591c767153d7d725) Importer(815301076,1909f56bfc062723c751e8b465ee728b)  -> (artifact id: 'd15e012f2e207c2a979e15450dc38f87') in 0.010264 seconds 
Number of asset objects unloaded after import = 3
========================================================================
Received Import Request.
  Time since last request: 0.000017 seconds.
  path: Assets/Sprites/sprites_outlined/tile182.png
  artifactKey: Guid(da6ae8ca6a0daa948ac14b784d0f69a7) Importer(815301076,1909f56bfc062723c751e8b465ee728b)
Number of updated assets reloaded before import = 0
Start importing Assets/Sprites/sprites_outlined/tile182.png using Guid(da6ae8ca6a0daa948ac14b784d0f69a7) Importer(815301076,1909f56bfc062723c751e8b465ee728b)  -> (artifact id: '2ee9f7e1465a48e1217f0888a8d9a343') in 0.011226 seconds 
Number of asset objects unloaded after import = 3
========================================================================
Received Import Request.
  Time since last request: 0.000019 seconds.
  path: Assets/Sprites/sprites_outlined/tile216.png
  artifactKey: Guid(b6c6e75fb5182ea46ac11423a00176e0) Importer(815301076,1909f56bfc062723c751e8b465ee728b)
Number of updated assets reloaded before import = 0
Start importing Assets/Sprites/sprites_outlined/tile216.png using Guid(b6c6e75fb5182ea46ac11423a00176e0) Importer(815301076,1909f56bfc062723c751e8b465ee728b)  -> (artifact id: 'ab87c4f2d3aae1bd9aa48ce8065047db') in 0.010691 seconds 
Number of asset objects unloaded after import = 3
========================================================================
Received Import Request.
  Time since last request: 0.000018 seconds.
  path: Assets/Sprites/sprites_outlined/tile212.png
  artifactKey: Guid(3f3b98e39535e73499c8a8b4ba381323) Importer(815301076,1909f56bfc062723c751e8b465ee728b)
Number of updated assets reloaded before import = 0
Start importing Assets/Sprites/sprites_outlined/tile212.png using Guid(3f3b98e39535e73499c8a8b4ba381323) Importer(815301076,1909f56bfc062723c751e8b465ee728b)  -> (artifact id: '2fc37aa5401371c130f75d5e838301fa') in 0.011722 seconds 
Number of asset objects unloaded after import = 3
========================================================================
Received Import Request.
  Time since last request: 0.000019 seconds.
  path: Assets/Sprites/sprites_outlined/tile183.png
  artifactKey: Guid(acfce0befddffbe48901649eed1c079e) Importer(815301076,1909f56bfc062723c751e8b465ee728b)
Number of updated assets reloaded before import = 0
Start importing Assets/Sprites/sprites_outlined/tile183.png using Guid(acfce0befddffbe48901649eed1c079e) Importer(815301076,1909f56bfc062723c751e8b465ee728b)  -> (artifact id: 'fa9adeb9129c89efdac61fac73c66421') in 0.165099 seconds 
Number of asset objects unloaded after import = 3
========================================================================
Received Import Request.
  Time since last request: 0.000020 seconds.
  path: Assets/Sprites/sprites_outlined/tile273.png
  artifactKey: Guid(fee4eb3d2ce305e47a0482a459912238) Importer(815301076,1909f56bfc062723c751e8b465ee728b)
Number of updated assets reloaded before import = 0
Start importing Assets/Sprites/sprites_outlined/tile273.png using Guid(fee4eb3d2ce305e47a0482a459912238) Importer(815301076,1909f56bfc062723c751e8b465ee728b)  -> (artifact id: '9950564875a48128730eb1ab188cd46a') in 0.013647 seconds 
Number of asset objects unloaded after import = 3
========================================================================
Received Import Request.
  Time since last request: 0.000028 seconds.
  path: Assets/Sprites/sprites_outlined/tile274.png
  artifactKey: Guid(e0da386e2c700ac4ea2218c6293b093e) Importer(815301076,1909f56bfc062723c751e8b465ee728b)
Number of updated assets reloaded before import = 0
Start importing Assets/Sprites/sprites_outlined/tile274.png using Guid(e0da386e2c700ac4ea2218c6293b093e) Importer(815301076,1909f56bfc062723c751e8b465ee728b)  -> (artifact id: '473ffd39590c87a0b4d5c53955e9064c') in 0.012431 seconds 
Number of asset objects unloaded after import = 3
========================================================================
Received Import Request.
  Time since last request: 0.000019 seconds.
  path: Assets/Sprites/sprites_outlined/tile246.png
  artifactKey: Guid(e278e7e64e9125546b94b5b6c4735e9c) Importer(815301076,1909f56bfc062723c751e8b465ee728b)
Number of updated assets reloaded before import = 0
Start importing Assets/Sprites/sprites_outlined/tile246.png using Guid(e278e7e64e9125546b94b5b6c4735e9c) Importer(815301076,1909f56bfc062723c751e8b465ee728b)  -> (artifact id: '114e2e0262e073e08ad1421e774dee18') in 0.014304 seconds 
Number of asset objects unloaded after import = 3
========================================================================
Received Import Request.
  Time since last request: 0.000018 seconds.
  path: Assets/Sprites/sprites_outlined/tile224.png
  artifactKey: Guid(0f597669df040c6498df842c2af668ba) Importer(815301076,1909f56bfc062723c751e8b465ee728b)
Number of updated assets reloaded before import = 0
Start importing Assets/Sprites/sprites_outlined/tile224.png using Guid(0f597669df040c6498df842c2af668ba) Importer(815301076,1909f56bfc062723c751e8b465ee728b)  -> (artifact id: '378f38440f2238184345586692af4633') in 0.012567 seconds 
Number of asset objects unloaded after import = 3
========================================================================
Received Import Request.
  Time since last request: 0.000022 seconds.
  path: Assets/Sprites/sprites_outlined/tile264.png
  artifactKey: Guid(f6cca668aa908ef4c9f9b786aee569ef) Importer(815301076,1909f56bfc062723c751e8b465ee728b)
Number of updated assets reloaded before import = 0
Start importing Assets/Sprites/sprites_outlined/tile264.png using Guid(f6cca668aa908ef4c9f9b786aee569ef) Importer(815301076,1909f56bfc062723c751e8b465ee728b)  -> (artifact id: '48b7ec4de50a4f92d29356fe28f6b540') in 0.012429 seconds 
Number of asset objects unloaded after import = 3
========================================================================
Received Import Request.
  Time since last request: 0.000017 seconds.
  path: Assets/Sprites/sprites_outlined/tile255.png
  artifactKey: Guid(1e5fdbe7a35203b4193030b422c129ca) Importer(815301076,1909f56bfc062723c751e8b465ee728b)
Number of updated assets reloaded before import = 0
Start importing Assets/Sprites/sprites_outlined/tile255.png using Guid(1e5fdbe7a35203b4193030b422c129ca) Importer(815301076,1909f56bfc062723c751e8b465ee728b)  -> (artifact id: 'df40aea4876c6f78d21fb618b467b00c') in 0.012266 seconds 
Number of asset objects unloaded after import = 3
========================================================================
Received Import Request.
  Time since last request: 0.000020 seconds.
  path: Assets/Sprites/sprites_outlined/tile248.png
  artifactKey: Guid(02e1e51201d2eb04389cb2239f52a94a) Importer(815301076,1909f56bfc062723c751e8b465ee728b)
Number of updated assets reloaded before import = 0
Start importing Assets/Sprites/sprites_outlined/tile248.png using Guid(02e1e51201d2eb04389cb2239f52a94a) Importer(815301076,1909f56bfc062723c751e8b465ee728b)  -> (artifact id: 'e305759f1fa719ffe750d190177fd982') in 0.010836 seconds 
Number of asset objects unloaded after import = 3
========================================================================
Received Import Request.
  Time since last request: 0.000017 seconds.
  path: Assets/Sprites/sprites_outlined/tile270.png
  artifactKey: Guid(c9a8d11ba1fa0f042aad4f6d43282875) Importer(815301076,1909f56bfc062723c751e8b465ee728b)
Number of updated assets reloaded before import = 0
Start importing Assets/Sprites/sprites_outlined/tile270.png using Guid(c9a8d11ba1fa0f042aad4f6d43282875) Importer(815301076,1909f56bfc062723c751e8b465ee728b)  -> (artifact id: '6d6b16197bc64ef8e0fb3e60c2b40ca6') in 0.011022 seconds 
Number of asset objects unloaded after import = 3
========================================================================
Received Import Request.
  Time since last request: 0.000023 seconds.
  path: Assets/Sprites/sprites_outlined/tile170.png
  artifactKey: Guid(0f6ac7b315a4be94db9d4f35ec89c570) Importer(815301076,1909f56bfc062723c751e8b465ee728b)
Number of updated assets reloaded before import = 0
Start importing Assets/Sprites/sprites_outlined/tile170.png using Guid(0f6ac7b315a4be94db9d4f35ec89c570) Importer(815301076,1909f56bfc062723c751e8b465ee728b)  -> (artifact id: 'cf1221b94833280bbd39f9bed02d56b5') in 0.086140 seconds 
Number of asset objects unloaded after import = 3
========================================================================
Received Import Request.
  Time since last request: 0.000016 seconds.
  path: Assets/Sprites/sprites_outlined/tile068.png
  artifactKey: Guid(3c301df6d9ec2094fb1c44e50a33bf41) Importer(815301076,1909f56bfc062723c751e8b465ee728b)
Number of updated assets reloaded before import = 0
Start importing Assets/Sprites/sprites_outlined/tile068.png using Guid(3c301df6d9ec2094fb1c44e50a33bf41) Importer(815301076,1909f56bfc062723c751e8b465ee728b)  -> (artifact id: '21904584d0e445506181b682317f437e') in 0.013360 seconds 
Number of asset objects unloaded after import = 3
========================================================================
Received Import Request.
  Time since last request: 0.000032 seconds.
  path: Assets/Sprites/sprites_outlined/tile121.png
  artifactKey: Guid(29462d054b9560c4cb2c05c9d11ed2e8) Importer(815301076,1909f56bfc062723c751e8b465ee728b)
Number of updated assets reloaded before import = 0
Start importing Assets/Sprites/sprites_outlined/tile121.png using Guid(29462d054b9560c4cb2c05c9d11ed2e8) Importer(815301076,1909f56bfc062723c751e8b465ee728b)  -> (artifact id: 'ef7c22c615b315b9832d80fd8e01ac16') in 0.011710 seconds 
Number of asset objects unloaded after import = 3
========================================================================
Received Import Request.
  Time since last request: 0.000026 seconds.
  path: Assets/Sprites/sprites_outlined/tile157.png
  artifactKey: Guid(2e238903761c3b9419c0d751b39e93e8) Importer(815301076,1909f56bfc062723c751e8b465ee728b)
Number of updated assets reloaded before import = 0
Start importing Assets/Sprites/sprites_outlined/tile157.png using Guid(2e238903761c3b9419c0d751b39e93e8) Importer(815301076,1909f56bfc062723c751e8b465ee728b)  -> (artifact id: 'a8a0648b758f0e53ecff914f3a13a092') in 0.012645 seconds 
Number of asset objects unloaded after import = 3
========================================================================
Received Import Request.
  Time since last request: 0.000017 seconds.
  path: Assets/Sprites/sprites_outlined/tile226.png
  artifactKey: Guid(2085ee8944199b9478c7a577161bf887) Importer(815301076,1909f56bfc062723c751e8b465ee728b)
Number of updated assets reloaded before import = 0
Start importing Assets/Sprites/sprites_outlined/tile226.png using Guid(2085ee8944199b9478c7a577161bf887) Importer(815301076,1909f56bfc062723c751e8b465ee728b)  -> (artifact id: 'a208ac8eff3b2643a42e1a0d8d092364') in 0.012212 seconds 
Number of asset objects unloaded after import = 3
========================================================================
Received Import Request.
  Time since last request: 0.000023 seconds.
  path: Assets/Sprites/sprites_outlined/tile267.png
  artifactKey: Guid(df7b4fbfd55cf424c98f77a12cf719a2) Importer(815301076,1909f56bfc062723c751e8b465ee728b)
Number of updated assets reloaded before import = 0
Start importing Assets/Sprites/sprites_outlined/tile267.png using Guid(df7b4fbfd55cf424c98f77a12cf719a2) Importer(815301076,1909f56bfc062723c751e8b465ee728b)  -> (artifact id: '83b9733559c87bde1df733175d09398b') in 0.011935 seconds 
Number of asset objects unloaded after import = 3
========================================================================
Received Import Request.
  Time since last request: 0.000022 seconds.
  path: Assets/Sprites/sprites_outlined/tile257.png
  artifactKey: Guid(1a99a8c2f60f9574094f57084ab02daf) Importer(815301076,1909f56bfc062723c751e8b465ee728b)
Number of updated assets reloaded before import = 0
Start importing Assets/Sprites/sprites_outlined/tile257.png using Guid(1a99a8c2f60f9574094f57084ab02daf) Importer(815301076,1909f56bfc062723c751e8b465ee728b)  -> (artifact id: 'eaf72e6f9b1f0160919767f9be3fab1d') in 0.011938 seconds 
Number of asset objects unloaded after import = 3
========================================================================
Received Import Request.
  Time since last request: 0.000015 seconds.
  path: Assets/Sprites/sprites_outlined/tile150.png
  artifactKey: Guid(1ccc33540fe0698439e11102eb3a4297) Importer(815301076,1909f56bfc062723c751e8b465ee728b)
Number of updated assets reloaded before import = 0
Start importing Assets/Sprites/sprites_outlined/tile150.png using Guid(1ccc33540fe0698439e11102eb3a4297) Importer(815301076,1909f56bfc062723c751e8b465ee728b)  -> (artifact id: 'd477fc2341105cfcf8aeafe6cae30b79') in 0.011209 seconds 
Number of asset objects unloaded after import = 3
========================================================================
Received Import Request.
  Time since last request: 0.000020 seconds.
  path: Assets/Sprites/sprites_outlined/tile196.png
  artifactKey: Guid(49e613561c676c84ab0a4db09c644ae7) Importer(815301076,1909f56bfc062723c751e8b465ee728b)
Number of updated assets reloaded before import = 0
Start importing Assets/Sprites/sprites_outlined/tile196.png using Guid(49e613561c676c84ab0a4db09c644ae7) Importer(815301076,1909f56bfc062723c751e8b465ee728b)  -> (artifact id: '1ef1f543aca9fd2ec72ce0ddd07f2ca6') in 0.010675 seconds 
Number of asset objects unloaded after import = 3
========================================================================
Received Import Request.
  Time since last request: 0.000023 seconds.
  path: Assets/Sprites/sprites_outlined/tile060.png
  artifactKey: Guid(223f66f75790431428fe81af1572b47e) Importer(815301076,1909f56bfc062723c751e8b465ee728b)
Number of updated assets reloaded before import = 0
Start importing Assets/Sprites/sprites_outlined/tile060.png using Guid(223f66f75790431428fe81af1572b47e) Importer(815301076,1909f56bfc062723c751e8b465ee728b)  -> (artifact id: '32239c8c00b88768253d31cfbea278f3') in 0.010883 seconds 
Number of asset objects unloaded after import = 3
========================================================================
Received Import Request.
  Time since last request: 0.000016 seconds.
  path: Assets/Sprites/sprites_outlined/tile294.png
  artifactKey: Guid(1c0bc705e73822543be3ad0f6b00b68e) Importer(815301076,1909f56bfc062723c751e8b465ee728b)
Number of updated assets reloaded before import = 0
Start importing Assets/Sprites/sprites_outlined/tile294.png using Guid(1c0bc705e73822543be3ad0f6b00b68e) Importer(815301076,1909f56bfc062723c751e8b465ee728b)  -> (artifact id: '423ba0e9f4e46a36ef424ab36a40584b') in 0.011295 seconds 
Number of asset objects unloaded after import = 3
========================================================================
Received Import Request.
  Time since last request: 0.000017 seconds.
  path: Assets/Sprites/sprites_outlined/tile297.png
  artifactKey: Guid(94bca316fed0de64bb3236d651834137) Importer(815301076,1909f56bfc062723c751e8b465ee728b)
Number of updated assets reloaded before import = 0
Start importing Assets/Sprites/sprites_outlined/tile297.png using Guid(94bca316fed0de64bb3236d651834137) Importer(815301076,1909f56bfc062723c751e8b465ee728b)  -> (artifact id: 'f7ab8b9b2168bc20378db150b543c797') in 0.013846 seconds 
Number of asset objects unloaded after import = 3
========================================================================
Received Import Request.
  Time since last request: 0.000029 seconds.
  path: Assets/Sprites/sprites_outlined/tile296.png
  artifactKey: Guid(f2ae7381cd318324286d5fb12e72c258) Importer(815301076,1909f56bfc062723c751e8b465ee728b)
Number of updated assets reloaded before import = 0
Start importing Assets/Sprites/sprites_outlined/tile296.png using Guid(f2ae7381cd318324286d5fb12e72c258) Importer(815301076,1909f56bfc062723c751e8b465ee728b)  -> (artifact id: '1f2ee5fd1b014d0b5dc57249a3cd38f4') in 0.012128 seconds 
Number of asset objects unloaded after import = 3
========================================================================
Received Import Request.
  Time since last request: 0.000016 seconds.
  path: Assets/Sprites/sprites_outlined/tile262.png
  artifactKey: Guid(0db3f50159597df40b2d92c443408da5) Importer(815301076,1909f56bfc062723c751e8b465ee728b)
Number of updated assets reloaded before import = 0
Start importing Assets/Sprites/sprites_outlined/tile262.png using Guid(0db3f50159597df40b2d92c443408da5) Importer(815301076,1909f56bfc062723c751e8b465ee728b)  -> (artifact id: '19708db39f6712ed853a9145c89ef04c') in 0.013844 seconds 
Number of asset objects unloaded after import = 3
========================================================================
Received Import Request.
  Time since last request: 0.000019 seconds.
  path: Assets/Sprites/sprites_outlined/tile276.png
  artifactKey: Guid(40836bca005715941a4b90e6cd1f3b0e) Importer(815301076,1909f56bfc062723c751e8b465ee728b)
Number of updated assets reloaded before import = 0
Start importing Assets/Sprites/sprites_outlined/tile276.png using Guid(40836bca005715941a4b90e6cd1f3b0e) Importer(815301076,1909f56bfc062723c751e8b465ee728b)  -> (artifact id: 'db802a2b0b89fc35b2d363341af7d677') in 0.013796 seconds 
Number of asset objects unloaded after import = 3
========================================================================
Received Import Request.
  Time since last request: 0.000016 seconds.
  path: Assets/Sprites/sprites_outlined/tile249.png
  artifactKey: Guid(769c2eaaed4e42441b9ac8fd758a7033) Importer(815301076,1909f56bfc062723c751e8b465ee728b)
Number of updated assets reloaded before import = 0
Start importing Assets/Sprites/sprites_outlined/tile249.png using Guid(769c2eaaed4e42441b9ac8fd758a7033) Importer(815301076,1909f56bfc062723c751e8b465ee728b)  -> (artifact id: '2cbb415ab18a4f5b5dff1d5ffee59b6d') in 0.013391 seconds 
Number of asset objects unloaded after import = 3
========================================================================
Received Import Request.
  Time since last request: 0.000018 seconds.
  path: Assets/Sprites/sprites_outlined/tile268.png
  artifactKey: Guid(6a2722ad5d9602d4d801834232632a39) Importer(815301076,1909f56bfc062723c751e8b465ee728b)
Number of updated assets reloaded before import = 0
Start importing Assets/Sprites/sprites_outlined/tile268.png using Guid(6a2722ad5d9602d4d801834232632a39) Importer(815301076,1909f56bfc062723c751e8b465ee728b)  -> (artifact id: '33a616e63cbc2b54f872f34ffbea783d') in 0.012141 seconds 
Number of asset objects unloaded after import = 3
========================================================================
Received Import Request.
  Time since last request: 0.000018 seconds.
  path: Assets/Sprites/sprites_outlined/tile239.png
  artifactKey: Guid(aeb974744524a8a4696f1fedd38dc87a) Importer(815301076,1909f56bfc062723c751e8b465ee728b)
Number of updated assets reloaded before import = 0
Start importing Assets/Sprites/sprites_outlined/tile239.png using Guid(aeb974744524a8a4696f1fedd38dc87a) Importer(815301076,1909f56bfc062723c751e8b465ee728b)  -> (artifact id: 'b74ff97d902ac9468c661a904f8d4c2d') in 0.011395 seconds 
Number of asset objects unloaded after import = 3
========================================================================
Received Import Request.
  Time since last request: 0.000031 seconds.
  path: Assets/Sprites/sprites_outlined/tile229.png
  artifactKey: Guid(d5b1faffe4c55de46900d8f1b51c24f7) Importer(815301076,1909f56bfc062723c751e8b465ee728b)
Number of updated assets reloaded before import = 0
Start importing Assets/Sprites/sprites_outlined/tile229.png using Guid(d5b1faffe4c55de46900d8f1b51c24f7) Importer(815301076,1909f56bfc062723c751e8b465ee728b)  -> (artifact id: '64fe6f13af2f086cb4ac98a344d642a7') in 0.011771 seconds 
Number of asset objects unloaded after import = 3
========================================================================
Received Import Request.
  Time since last request: 0.000021 seconds.
  path: Assets/Sprites/sprites_outlined/tile279.png
  artifactKey: Guid(340cfb93a414fad4bb54097664202acd) Importer(815301076,1909f56bfc062723c751e8b465ee728b)
Number of updated assets reloaded before import = 0
Start importing Assets/Sprites/sprites_outlined/tile279.png using Guid(340cfb93a414fad4bb54097664202acd) Importer(815301076,1909f56bfc062723c751e8b465ee728b)  -> (artifact id: 'be328bcc1f65acfb345f86481e52dd08') in 0.013654 seconds 
Number of asset objects unloaded after import = 3
========================================================================
Received Import Request.
  Time since last request: 0.000024 seconds.
  path: Assets/Sprites/sprites_outlined/tile247.png
  artifactKey: Guid(0b9f7d56f56c425488be7fdd3b16c3f6) Importer(815301076,1909f56bfc062723c751e8b465ee728b)
Number of updated assets reloaded before import = 0
Start importing Assets/Sprites/sprites_outlined/tile247.png using Guid(0b9f7d56f56c425488be7fdd3b16c3f6) Importer(815301076,1909f56bfc062723c751e8b465ee728b)  -> (artifact id: '9b76c47d700e9bc22da7e2879e7d5769') in 0.011690 seconds 
Number of asset objects unloaded after import = 3
========================================================================
Received Import Request.
  Time since last request: 0.000022 seconds.
  path: Assets/Sprites/sprites_outlined/tile298.png
  artifactKey: Guid(d2ee323f648732b4d9033703769d7e52) Importer(815301076,1909f56bfc062723c751e8b465ee728b)
Number of updated assets reloaded before import = 0
Start importing Assets/Sprites/sprites_outlined/tile298.png using Guid(d2ee323f648732b4d9033703769d7e52) Importer(815301076,1909f56bfc062723c751e8b465ee728b)  -> (artifact id: '30ccb431a228c7b67cca1e933cb37691') in 0.011989 seconds 
Number of asset objects unloaded after import = 3
========================================================================
Received Import Request.
  Time since last request: 0.000023 seconds.
  path: Assets/Sprites/sprites_outlined/tile241.png
  artifactKey: Guid(a004eeecd2bf24642816cc44a958c6ec) Importer(815301076,1909f56bfc062723c751e8b465ee728b)
Number of updated assets reloaded before import = 0
Start importing Assets/Sprites/sprites_outlined/tile241.png using Guid(a004eeecd2bf24642816cc44a958c6ec) Importer(815301076,1909f56bfc062723c751e8b465ee728b)  -> (artifact id: '77fb6429d397462ce89fe4b075f4006e') in 0.011522 seconds 
Number of asset objects unloaded after import = 3
========================================================================
Received Import Request.
  Time since last request: 0.000018 seconds.
  path: Assets/Sprites/sprites_outlined/tile252.png
  artifactKey: Guid(ca140ee88ba17ac43bd275bfe59dbd73) Importer(815301076,1909f56bfc062723c751e8b465ee728b)
Number of updated assets reloaded before import = 0
Start importing Assets/Sprites/sprites_outlined/tile252.png using Guid(ca140ee88ba17ac43bd275bfe59dbd73) Importer(815301076,1909f56bfc062723c751e8b465ee728b)  -> (artifact id: '737d781b1235c774afa0a4ea2185fe50') in 0.011624 seconds 
Number of asset objects unloaded after import = 3
========================================================================
Received Import Request.
  Time since last request: 0.000016 seconds.
  path: Assets/Sprites/sprites_outlined/tile265.png
  artifactKey: Guid(97b814e869708c747b981a126ff8a663) Importer(815301076,1909f56bfc062723c751e8b465ee728b)
Number of updated assets reloaded before import = 0
Start importing Assets/Sprites/sprites_outlined/tile265.png using Guid(97b814e869708c747b981a126ff8a663) Importer(815301076,1909f56bfc062723c751e8b465ee728b)  -> (artifact id: 'bb8b6b5913691b911b80d7e4cf416051') in 0.012185 seconds 
Number of asset objects unloaded after import = 3
========================================================================
Received Import Request.
  Time since last request: 0.000030 seconds.
  path: Assets/Sprites/sprites_outlined/tile271.png
  artifactKey: Guid(2cc764ee78aadf3499a3ca5c64a6d142) Importer(815301076,1909f56bfc062723c751e8b465ee728b)
Number of updated assets reloaded before import = 0
Start importing Assets/Sprites/sprites_outlined/tile271.png using Guid(2cc764ee78aadf3499a3ca5c64a6d142) Importer(815301076,1909f56bfc062723c751e8b465ee728b)  -> (artifact id: 'e09c59711152df3a12cb95ab758ad895') in 0.011188 seconds 
Number of asset objects unloaded after import = 3
========================================================================
Received Import Request.
  Time since last request: 0.000024 seconds.
  path: Assets/Sprites/sprites_outlined/tile237.png
  artifactKey: Guid(5e4614e99cce9d340ab88415418452ce) Importer(815301076,1909f56bfc062723c751e8b465ee728b)
Number of updated assets reloaded before import = 0
Start importing Assets/Sprites/sprites_outlined/tile237.png using Guid(5e4614e99cce9d340ab88415418452ce) Importer(815301076,1909f56bfc062723c751e8b465ee728b)  -> (artifact id: '64f99d8526388bae89401b56a17aff8a') in 0.013029 seconds 
Number of asset objects unloaded after import = 3
========================================================================
Received Import Request.
  Time since last request: 0.000016 seconds.
  path: Assets/Sprites/sprites_outlined/tile214.png
  artifactKey: Guid(ffd0e7e9b1fc456469f709051fdd30a8) Importer(815301076,1909f56bfc062723c751e8b465ee728b)
Number of updated assets reloaded before import = 0
Start importing Assets/Sprites/sprites_outlined/tile214.png using Guid(ffd0e7e9b1fc456469f709051fdd30a8) Importer(815301076,1909f56bfc062723c751e8b465ee728b)  -> (artifact id: 'd9690879f63383bac34085825bc6363d') in 0.011749 seconds 
Number of asset objects unloaded after import = 3
========================================================================
Received Import Request.
  Time since last request: 0.000021 seconds.
  path: Assets/Sprites/sprites_outlined/tile125.png
  artifactKey: Guid(9db4da1737d0b50428feeec1c1d0ea9e) Importer(815301076,1909f56bfc062723c751e8b465ee728b)
Number of updated assets reloaded before import = 0
Start importing Assets/Sprites/sprites_outlined/tile125.png using Guid(9db4da1737d0b50428feeec1c1d0ea9e) Importer(815301076,1909f56bfc062723c751e8b465ee728b)  -> (artifact id: 'e1d9483cb357e198d7aa51232aec03bc') in 0.011421 seconds 
Number of asset objects unloaded after import = 3
========================================================================
Received Import Request.
  Time since last request: 0.000016 seconds.
  path: Assets/Sprites/sprites_outlined/tile195.png
  artifactKey: Guid(2ba3f7c4ca6f8514187f53452a8a4024) Importer(815301076,1909f56bfc062723c751e8b465ee728b)
Number of updated assets reloaded before import = 0
Start importing Assets/Sprites/sprites_outlined/tile195.png using Guid(2ba3f7c4ca6f8514187f53452a8a4024) Importer(815301076,1909f56bfc062723c751e8b465ee728b)  -> (artifact id: 'd3d6cd8f711a7eeabb910857fdba1661') in 0.012023 seconds 
Number of asset objects unloaded after import = 3
========================================================================
Received Import Request.
  Time since last request: 0.000017 seconds.
  path: Assets/Sprites/sprites_outlined/tile231.png
  artifactKey: Guid(3e4b455933856174e84351a64470369e) Importer(815301076,1909f56bfc062723c751e8b465ee728b)
Number of updated assets reloaded before import = 0
Start importing Assets/Sprites/sprites_outlined/tile231.png using Guid(3e4b455933856174e84351a64470369e) Importer(815301076,1909f56bfc062723c751e8b465ee728b)  -> (artifact id: 'cd702ac51a32f6ce47974ffc71660281') in 0.011395 seconds 
Number of asset objects unloaded after import = 3
========================================================================
Received Import Request.
  Time since last request: 0.000019 seconds.
  path: Assets/Sprites/sprites_outlined/tile210.png
  artifactKey: Guid(2695c7822da440541b55ef59cefb458c) Importer(815301076,1909f56bfc062723c751e8b465ee728b)
Number of updated assets reloaded before import = 0
Start importing Assets/Sprites/sprites_outlined/tile210.png using Guid(2695c7822da440541b55ef59cefb458c) Importer(815301076,1909f56bfc062723c751e8b465ee728b)  -> (artifact id: 'be7a1470ecdde75e864e835a87e11667') in 0.012782 seconds 
Number of asset objects unloaded after import = 3
========================================================================
Received Import Request.
  Time since last request: 0.000035 seconds.
  path: Assets/Sprites/sprites_outlined/tile152.png
  artifactKey: Guid(13613fcfb32f22649ba3ac9498f6f3ac) Importer(815301076,1909f56bfc062723c751e8b465ee728b)
Number of updated assets reloaded before import = 0
Start importing Assets/Sprites/sprites_outlined/tile152.png using Guid(13613fcfb32f22649ba3ac9498f6f3ac) Importer(815301076,1909f56bfc062723c751e8b465ee728b)  -> (artifact id: '25ed024b91ab50ff12b95d5a22ef31b1') in 0.011978 seconds 
Number of asset objects unloaded after import = 3
========================================================================
Received Import Request.
  Time since last request: 0.000022 seconds.
  path: Assets/Sprites/sprites_outlined/tile238.png
  artifactKey: Guid(2e7e476426cbdb444b6275aa4d058492) Importer(815301076,1909f56bfc062723c751e8b465ee728b)
Number of updated assets reloaded before import = 0
Start importing Assets/Sprites/sprites_outlined/tile238.png using Guid(2e7e476426cbdb444b6275aa4d058492) Importer(815301076,1909f56bfc062723c751e8b465ee728b)  -> (artifact id: '3fc3ac13c19c0c93175ed25a050fd116') in 0.010840 seconds 
Number of asset objects unloaded after import = 3
========================================================================
Received Import Request.
  Time since last request: 0.000023 seconds.
  path: Assets/Sprites/sprites_outlined/tile164.png
  artifactKey: Guid(7e9a87ca500b43d46b3e5c9f3962ca6a) Importer(815301076,1909f56bfc062723c751e8b465ee728b)
Number of updated assets reloaded before import = 0
Start importing Assets/Sprites/sprites_outlined/tile164.png using Guid(7e9a87ca500b43d46b3e5c9f3962ca6a) Importer(815301076,1909f56bfc062723c751e8b465ee728b)  -> (artifact id: 'd4ae7d6e401ab740a20f8a9d7f9d4a19') in 0.012021 seconds 
Number of asset objects unloaded after import = 3
========================================================================
Received Import Request.
  Time since last request: 0.000016 seconds.
  path: Assets/Sprites/sprites_outlined/tile124.png
  artifactKey: Guid(22cf4d634375bce4ca1d7e65e7d88cdf) Importer(815301076,1909f56bfc062723c751e8b465ee728b)
Number of updated assets reloaded before import = 0
Start importing Assets/Sprites/sprites_outlined/tile124.png using Guid(22cf4d634375bce4ca1d7e65e7d88cdf) Importer(815301076,1909f56bfc062723c751e8b465ee728b)  -> (artifact id: '05b00484d1f62b56edbecb4cd6f5a50e') in 0.014369 seconds 
Number of asset objects unloaded after import = 3
========================================================================
Received Import Request.
  Time since last request: 0.000018 seconds.
  path: Assets/Sprites/sprites_outlined/tile187.png
  artifactKey: Guid(abb62aafec7e28c48b8c623b047bcfd6) Importer(815301076,1909f56bfc062723c751e8b465ee728b)
Number of updated assets reloaded before import = 0
Start importing Assets/Sprites/sprites_outlined/tile187.png using Guid(abb62aafec7e28c48b8c623b047bcfd6) Importer(815301076,1909f56bfc062723c751e8b465ee728b)  -> (artifact id: '4fc62679fd724edc16f47acb35d3f6a3') in 0.012864 seconds 
Number of asset objects unloaded after import = 3
========================================================================
Received Import Request.
  Time since last request: 0.000027 seconds.
  path: Assets/Sprites/sprites_outlined/tile061.png
  artifactKey: Guid(e6f361a3055f40e42b71d313a89287ad) Importer(815301076,1909f56bfc062723c751e8b465ee728b)
Number of updated assets reloaded before import = 0
Start importing Assets/Sprites/sprites_outlined/tile061.png using Guid(e6f361a3055f40e42b71d313a89287ad) Importer(815301076,1909f56bfc062723c751e8b465ee728b)  -> (artifact id: 'a5948514e89e4f83c1a272d841fc57b6') in 0.013185 seconds 
Number of asset objects unloaded after import = 3
========================================================================
Received Import Request.
  Time since last request: 0.000021 seconds.
  path: Assets/Sprites/sprites_outlined/tile133.png
  artifactKey: Guid(1cb33cbf21d36ef4d98cfae38e4828cc) Importer(815301076,1909f56bfc062723c751e8b465ee728b)
Number of updated assets reloaded before import = 0
Start importing Assets/Sprites/sprites_outlined/tile133.png using Guid(1cb33cbf21d36ef4d98cfae38e4828cc) Importer(815301076,1909f56bfc062723c751e8b465ee728b)  -> (artifact id: '4e72406d079136ef3ee8c5bdce51dcf3') in 0.013400 seconds 
Number of asset objects unloaded after import = 3
========================================================================
Received Import Request.
  Time since last request: 0.000017 seconds.
  path: Assets/Sprites/sprites_outlined/tile223.png
  artifactKey: Guid(5f9e50af62dc75a49a111089c3233c11) Importer(815301076,1909f56bfc062723c751e8b465ee728b)
Number of updated assets reloaded before import = 0
Start importing Assets/Sprites/sprites_outlined/tile223.png using Guid(5f9e50af62dc75a49a111089c3233c11) Importer(815301076,1909f56bfc062723c751e8b465ee728b)  -> (artifact id: 'c005d47c4c6cfe72fadac6fab9daf137') in 0.018289 seconds 
Number of asset objects unloaded after import = 3
========================================================================
Received Import Request.
  Time since last request: 0.000020 seconds.
  path: Assets/Sprites/sprites_outlined/tile118.png
  artifactKey: Guid(2dc85ed9c122a8b46a03ac19200ee035) Importer(815301076,1909f56bfc062723c751e8b465ee728b)
Number of updated assets reloaded before import = 0
Start importing Assets/Sprites/sprites_outlined/tile118.png using Guid(2dc85ed9c122a8b46a03ac19200ee035) Importer(815301076,1909f56bfc062723c751e8b465ee728b)  -> (artifact id: '1694ce31eca33f62aa67dd7eb57b5959') in 0.011931 seconds 
Number of asset objects unloaded after import = 3
========================================================================
Received Import Request.
  Time since last request: 0.000017 seconds.
  path: Assets/Sprites/sprites_outlined/tile065.png
  artifactKey: Guid(83de0aa9772d99a4ca2c145492569bbf) Importer(815301076,1909f56bfc062723c751e8b465ee728b)
Number of updated assets reloaded before import = 0
Start importing Assets/Sprites/sprites_outlined/tile065.png using Guid(83de0aa9772d99a4ca2c145492569bbf) Importer(815301076,1909f56bfc062723c751e8b465ee728b)  -> (artifact id: '0e85eb8d5af85f2a0e11e14996468ff7') in 0.012322 seconds 
Number of asset objects unloaded after import = 3
========================================================================
Received Import Request.
  Time since last request: 4.197414 seconds.
  path: Assets/Sprites/sprites_outlined/tile100.png
  artifactKey: Guid(11c1eacb4f097af4ab798b9fae76b65d) Importer(815301076,1909f56bfc062723c751e8b465ee728b)
Number of updated assets reloaded before import = 0
Start importing Assets/Sprites/sprites_outlined/tile100.png using Guid(11c1eacb4f097af4ab798b9fae76b65d) Importer(815301076,1909f56bfc062723c751e8b465ee728b)  -> (artifact id: 'd62208d868b2915b367cdc750f9b9aa8') in 0.011569 seconds 
Number of asset objects unloaded after import = 3
========================================================================
Received Import Request.
  Time since last request: 0.000016 seconds.
  path: Assets/Sprites/sprites_outlined/tile103.png
  artifactKey: Guid(29b3aca8ca0744a47b9ae38aa11cd369) Importer(815301076,1909f56bfc062723c751e8b465ee728b)
Number of updated assets reloaded before import = 0
Start importing Assets/Sprites/sprites_outlined/tile103.png using Guid(29b3aca8ca0744a47b9ae38aa11cd369) Importer(815301076,1909f56bfc062723c751e8b465ee728b)  -> (artifact id: 'b96b0b2a15527c81c29a5ddc5c5eab7d') in 0.011162 seconds 
Number of asset objects unloaded after import = 3
========================================================================
Received Import Request.
  Time since last request: 0.000016 seconds.
  path: Assets/Sprites/sprites_outlined/tile105.png
  artifactKey: Guid(4fff977467b79724092749983970a9a7) Importer(815301076,1909f56bfc062723c751e8b465ee728b)
Number of updated assets reloaded before import = 0
Start importing Assets/Sprites/sprites_outlined/tile105.png using Guid(4fff977467b79724092749983970a9a7) Importer(815301076,1909f56bfc062723c751e8b465ee728b)  -> (artifact id: '61c1c06ed1d0a5a982276c86fc5b0b2f') in 0.010699 seconds 
Number of asset objects unloaded after import = 3
========================================================================
Received Import Request.
  Time since last request: 0.000022 seconds.
  path: Assets/Sprites/sprites_outlined/tile108.png
  artifactKey: Guid(6add4e4ce8ce6dd42853dd114f0bb398) Importer(815301076,1909f56bfc062723c751e8b465ee728b)
Number of updated assets reloaded before import = 0
Start importing Assets/Sprites/sprites_outlined/tile108.png using Guid(6add4e4ce8ce6dd42853dd114f0bb398) Importer(815301076,1909f56bfc062723c751e8b465ee728b)  -> (artifact id: '2d380f6bc5857d45b95dab39c484c646') in 0.011938 seconds 
Number of asset objects unloaded after import = 3
========================================================================
Received Import Request.
  Time since last request: 0.000023 seconds.
  path: Assets/Sprites/sprites_outlined/tile106.png
  artifactKey: Guid(85db3cc0fa896a64dbf44599a9e0df55) Importer(815301076,1909f56bfc062723c751e8b465ee728b)
Number of updated assets reloaded before import = 0
Start importing Assets/Sprites/sprites_outlined/tile106.png using Guid(85db3cc0fa896a64dbf44599a9e0df55) Importer(815301076,1909f56bfc062723c751e8b465ee728b)  -> (artifact id: '4fd0f53c3bbf10e43d6a11de0085aa07') in 0.013668 seconds 
Number of asset objects unloaded after import = 3
========================================================================
Received Import Request.
  Time since last request: 0.000029 seconds.
  path: Assets/Sprites/sprites_outlined/tile115.png
  artifactKey: Guid(77246659d95c9684fa690ba5e0c2ca51) Importer(815301076,1909f56bfc062723c751e8b465ee728b)
Number of updated assets reloaded before import = 0
Start importing Assets/Sprites/sprites_outlined/tile115.png using Guid(77246659d95c9684fa690ba5e0c2ca51) Importer(815301076,1909f56bfc062723c751e8b465ee728b)  -> (artifact id: 'e24a6b309d4d3b3c9d0ee9c39c119e34') in 0.012995 seconds 
Number of asset objects unloaded after import = 3
========================================================================
Received Import Request.
  Time since last request: 0.000023 seconds.
  path: Assets/Sprites/sprites_outlined/tile109.png
  artifactKey: Guid(5969ed08a1470d047a007d019732f9bf) Importer(815301076,1909f56bfc062723c751e8b465ee728b)
Number of updated assets reloaded before import = 0
Start importing Assets/Sprites/sprites_outlined/tile109.png using Guid(5969ed08a1470d047a007d019732f9bf) Importer(815301076,1909f56bfc062723c751e8b465ee728b)  -> (artifact id: 'adaa4a6da0e7d9ba1cf2dbc62970841f') in 0.011557 seconds 
Number of asset objects unloaded after import = 3
========================================================================
Received Import Request.
  Time since last request: 0.000018 seconds.
  path: Assets/Sprites/sprites_outlined/tile087.png
  artifactKey: Guid(857ac9da66d25134b9823e09b14d1dd2) Importer(815301076,1909f56bfc062723c751e8b465ee728b)
Number of updated assets reloaded before import = 0
Start importing Assets/Sprites/sprites_outlined/tile087.png using Guid(857ac9da66d25134b9823e09b14d1dd2) Importer(815301076,1909f56bfc062723c751e8b465ee728b)  -> (artifact id: '69dcf7ba729ccd6d477842c3fcd5e771') in 0.012257 seconds 
Number of asset objects unloaded after import = 3
========================================================================
Received Import Request.
  Time since last request: 0.000020 seconds.
  path: Assets/Sprites/sprites_outlined/tile089.png
  artifactKey: Guid(0026809961cbe0b449d634e3dc281e30) Importer(815301076,1909f56bfc062723c751e8b465ee728b)
Number of updated assets reloaded before import = 0
Start importing Assets/Sprites/sprites_outlined/tile089.png using Guid(0026809961cbe0b449d634e3dc281e30) Importer(815301076,1909f56bfc062723c751e8b465ee728b)  -> (artifact id: '8ca0e37a9b55c64d9743972015c51b13') in 0.012004 seconds 
Number of asset objects unloaded after import = 3
========================================================================
Received Import Request.
  Time since last request: 0.000017 seconds.
  path: Assets/Sprites/sprites_outlined/tile093.png
  artifactKey: Guid(03cc37b8308527747a651b230da0797a) Importer(815301076,1909f56bfc062723c751e8b465ee728b)
Number of updated assets reloaded before import = 0
Start importing Assets/Sprites/sprites_outlined/tile093.png using Guid(03cc37b8308527747a651b230da0797a) Importer(815301076,1909f56bfc062723c751e8b465ee728b)  -> (artifact id: 'af77cc977f97678289494b09c2a0e3b0') in 0.012049 seconds 
Number of asset objects unloaded after import = 3
========================================================================
Received Import Request.
  Time since last request: 0.000021 seconds.
  path: Assets/Sprites/sprites_outlined/tile096.png
  artifactKey: Guid(f4fbb4c68b78b6842820e2f463ccabc9) Importer(815301076,1909f56bfc062723c751e8b465ee728b)
Number of updated assets reloaded before import = 0
Start importing Assets/Sprites/sprites_outlined/tile096.png using Guid(f4fbb4c68b78b6842820e2f463ccabc9) Importer(815301076,1909f56bfc062723c751e8b465ee728b)  -> (artifact id: '95f792c8f2a050a52e011ee2f7f3acc8') in 0.013501 seconds 
Number of asset objects unloaded after import = 3
========================================================================
Received Import Request.
  Time since last request: 0.000027 seconds.
  path: Assets/Sprites/sprites_outlined/tile098.png
  artifactKey: Guid(1c70a43ad3a182143a680e31765b4d2d) Importer(815301076,1909f56bfc062723c751e8b465ee728b)
Number of updated assets reloaded before import = 0
Start importing Assets/Sprites/sprites_outlined/tile098.png using Guid(1c70a43ad3a182143a680e31765b4d2d) Importer(815301076,1909f56bfc062723c751e8b465ee728b)  -> (artifact id: '2f8ffbf92855b8719dd7659899536762') in 0.014228 seconds 
Number of asset objects unloaded after import = 3
========================================================================
Received Import Request.
  Time since last request: 0.000019 seconds.
  path: Assets/Sprites/sprites_outlined/tile088.png
  artifactKey: Guid(9b65c23d167906347ad57041fb053d1b) Importer(815301076,1909f56bfc062723c751e8b465ee728b)
Number of updated assets reloaded before import = 0
Start importing Assets/Sprites/sprites_outlined/tile088.png using Guid(9b65c23d167906347ad57041fb053d1b) Importer(815301076,1909f56bfc062723c751e8b465ee728b)  -> (artifact id: 'f0307c6b6085e26b057a46609a648b61') in 0.011301 seconds 
Number of asset objects unloaded after import = 3
========================================================================
Received Import Request.
  Time since last request: 0.060523 seconds.
  path: Assets/Sprites/sprites_outlined/tile069.png
  artifactKey: Guid(f686379a78d1b284ba06c4ef09535e35) Importer(815301076,1909f56bfc062723c751e8b465ee728b)
Number of updated assets reloaded before import = 0
Start importing Assets/Sprites/sprites_outlined/tile069.png using Guid(f686379a78d1b284ba06c4ef09535e35) Importer(815301076,1909f56bfc062723c751e8b465ee728b)  -> (artifact id: 'f9ba6adf09c309d0087789be0ebcca95') in 0.014001 seconds 
Number of asset objects unloaded after import = 3
========================================================================
Received Import Request.
  Time since last request: 0.001829 seconds.
  path: Assets/Sprites/sprites_outlined/tile072.png
  artifactKey: Guid(9224e71084d4081488c013b85512d4ce) Importer(815301076,1909f56bfc062723c751e8b465ee728b)
Number of updated assets reloaded before import = 0
Start importing Assets/Sprites/sprites_outlined/tile072.png using Guid(9224e71084d4081488c013b85512d4ce) Importer(815301076,1909f56bfc062723c751e8b465ee728b)  -> (artifact id: '3c0257d4c845a5e787f147ba72a5c220') in 0.011649 seconds 
Number of asset objects unloaded after import = 3
========================================================================
Received Import Request.
  Time since last request: 0.000017 seconds.
  path: Assets/Sprites/sprites_outlined/tile075.png
  artifactKey: Guid(9ef795085f9f11642b232d76deea789d) Importer(815301076,1909f56bfc062723c751e8b465ee728b)
Number of updated assets reloaded before import = 0
Start importing Assets/Sprites/sprites_outlined/tile075.png using Guid(9ef795085f9f11642b232d76deea789d) Importer(815301076,1909f56bfc062723c751e8b465ee728b)  -> (artifact id: '6cc0257f62d2c66932bf15b01eed5977') in 0.011840 seconds 
Number of asset objects unloaded after import = 3
========================================================================
Received Import Request.
  Time since last request: 0.000018 seconds.
  path: Assets/Sprites/sprites_outlined/tile078.png
  artifactKey: Guid(46bc702c3a4c5504bb69cfb462d1ab1d) Importer(815301076,1909f56bfc062723c751e8b465ee728b)
Number of updated assets reloaded before import = 0
Start importing Assets/Sprites/sprites_outlined/tile078.png using Guid(46bc702c3a4c5504bb69cfb462d1ab1d) Importer(815301076,1909f56bfc062723c751e8b465ee728b)  -> (artifact id: '03b52654165189aceb0a57d88d346f8c') in 0.012629 seconds 
Number of asset objects unloaded after import = 3
========================================================================
Received Import Request.
  Time since last request: 0.000019 seconds.
  path: Assets/Sprites/sprites_outlined/tile081.png
  artifactKey: Guid(ac1d03572fae7f241bde57393a517570) Importer(815301076,1909f56bfc062723c751e8b465ee728b)
Number of updated assets reloaded before import = 0
Start importing Assets/Sprites/sprites_outlined/tile081.png using Guid(ac1d03572fae7f241bde57393a517570) Importer(815301076,1909f56bfc062723c751e8b465ee728b)  -> (artifact id: '2ad2913715fda4a074e77b9eb3590f68') in 0.013032 seconds 
Number of asset objects unloaded after import = 3
Editor requested this worker to shutdown with reason: Scaling down because of idle timeout
TcpMessagingSession - receive error: operation aborted. errorcode: 995, details:        I/O  .
AssetImportWorker is now disconnected from the server
Process exiting
Exiting without the bug reporter. Application will terminate with return code 0