Using pre-set license
Built from '2022.2/release' branch; Version is '2022.2.1f1 (4fead5835099) revision 5237461'; Using compiler version '192829333'; Build Type 'Release'
OS: 'Windows 10  (10.0.19044) 64bit Core' Language: 'ko' Physical Memory: 16197 MB
BatchMode: 1, IsHumanControllingUs: 0, StartBugReporterOnCrash: 0, Is64bit: 1, IsPro: 1

COMMAND LINE ARGUMENTS:
C:\Program Files\Unity\Hub\Editor\2022.2.1f1\Editor\Unity.exe
-adb2
-batchMode
-noUpm
-name
AssetImportWorker3
-projectPath
E:/Unity/LZ_Github/LZ
-logFile
Logs/AssetImportWorker3.log
-srvPort
63182
Successfully changed project path to: E:/Unity/LZ_Github/LZ
E:/Unity/LZ_Github/LZ
[UnityMemory] Configuration Parameters - Can be set up in boot.config
    "memorysetup-bucket-allocator-granularity=16"
    "memorysetup-bucket-allocator-bucket-count=8"
    "memorysetup-bucket-allocator-block-size=33554432"
    "memorysetup-bucket-allocator-block-count=8"
    "memorysetup-main-allocator-block-size=16777216"
    "memorysetup-thread-allocator-block-size=16777216"
    "memorysetup-gfx-main-allocator-block-size=16777216"
    "memorysetup-gfx-thread-allocator-block-size=16777216"
    "memorysetup-cache-allocator-block-size=4194304"
    "memorysetup-typetree-allocator-block-size=2097152"
    "memorysetup-profiler-bucket-allocator-granularity=16"
    "memorysetup-profiler-bucket-allocator-bucket-count=8"
    "memorysetup-profiler-bucket-allocator-block-size=33554432"
    "memorysetup-profiler-bucket-allocator-block-count=8"
    "memorysetup-profiler-allocator-block-size=16777216"
    "memorysetup-profiler-editor-allocator-block-size=1048576"
    "memorysetup-temp-allocator-size-main=16777216"
    "memorysetup-job-temp-allocator-block-size=2097152"
    "memorysetup-job-temp-allocator-block-size-background=1048576"
    "memorysetup-job-temp-allocator-reduction-small-platforms=262144"
    "memorysetup-temp-allocator-size-background-worker=32768"
    "memorysetup-temp-allocator-size-job-worker=262144"
    "memorysetup-temp-allocator-size-preload-manager=33554432"
    "memorysetup-temp-allocator-size-nav-mesh-worker=65536"
    "memorysetup-temp-allocator-size-audio-worker=65536"
    "memorysetup-temp-allocator-size-cloud-worker=32768"
    "memorysetup-temp-allocator-size-gi-baking-worker=262144"
    "memorysetup-temp-allocator-size-gfx=262144"
Player connection [13820] Host "[IP] 192.168.55.23 [Port] 0 [Flags] 2 [Guid] 2843881519 [EditorId] 2843881519 [Version] 1048832 [Id] WindowsEditor(7,DESKTOP-6G5TASU) [Debug] 1 [PackageName] WindowsEditor [ProjectName] Editor" joined multi-casting on [225.0.0.222:54997]...

Player connection [13820] Host "[IP] 192.168.55.23 [Port] 0 [Flags] 2 [Guid] 2843881519 [EditorId] 2843881519 [Version] 1048832 [Id] WindowsEditor(7,DESKTOP-6G5TASU) [Debug] 1 [PackageName] WindowsEditor [ProjectName] Editor" joined alternative multi-casting on [225.0.0.222:34997]...

Refreshing native plugins compatible for Editor in 16.01 ms, found 4 plugins.
Preloading 0 native plugins for Editor in 0.00 ms.
Initialize engine version: 2022.2.1f1 (4fead5835099)
[Subsystems] Discovering subsystems at path C:/Program Files/Unity/Hub/Editor/2022.2.1f1/Editor/Data/Resources/UnitySubsystems
[Subsystems] Discovering subsystems at path E:/Unity/LZ_Github/LZ/Assets
GfxDevice: creating device client; threaded=0; jobified=0
Direct3D:
    Version:  Direct3D 11.0 [level 11.1]
    Renderer: NVIDIA GeForce GTX 1060 3GB (ID=0x1c02)
    Vendor:   NVIDIA
    VRAM:     2988 MB
    Driver:   31.0.15.1694
Initialize mono
Mono path[0] = 'C:/Program Files/Unity/Hub/Editor/2022.2.1f1/Editor/Data/Managed'
Mono path[1] = 'C:/Program Files/Unity/Hub/Editor/2022.2.1f1/Editor/Data/MonoBleedingEdge/lib/mono/unityjit-win32'
Mono config path = 'C:/Program Files/Unity/Hub/Editor/2022.2.1f1/Editor/Data/MonoBleedingEdge/etc'
Using monoOptions --debugger-agent=transport=dt_socket,embedding=1,server=y,suspend=n,address=127.0.0.1:56288
Begin MonoManager ReloadAssembly
Registering precompiled unity dll's ...
Register platform support module: C:/Program Files/Unity/Hub/Editor/2022.2.1f1/Editor/Data/PlaybackEngines/AndroidPlayer/UnityEditor.Android.Extensions.dll
Register platform support module: C:/Program Files/Unity/Hub/Editor/2022.2.1f1/Editor/Data/PlaybackEngines/WindowsStandaloneSupport/UnityEditor.WindowsStandalone.Extensions.dll
Registered in 0.010166 seconds.
- Loaded All Assemblies, in  0.265 seconds
Native extension for WindowsStandalone target not found
Native extension for Android target not found
Android Extension - Scanning For ADB Devices 193 ms
Mono: successfully reloaded assembly
- Finished resetting the current domain, in  0.416 seconds
Domain Reload Profiling:
	ReloadAssembly (159ms)
		BeginReloadAssembly (67ms)
			ExecutionOrderSort (0ms)
			DisableScriptedObjects (0ms)
			BackupInstance (0ms)
			ReleaseScriptingObjects (0ms)
			CreateAndSetChildDomain (1ms)
		LoadAllAssembliesAndSetupDomain (0ms)
			LoadAssemblies (65ms)
			RebuildTransferFunctionScriptingTraits (0ms)
			SetupTypeCache (97ms)
				TypeCache.Initialize (97ms)
					TypeCache.ScanAssembly (96ms)
				ResolveRequiredComponents (0ms)
		FinalizeReload (0ms)
			ReleaseScriptCaches (0ms)
			RebuildScriptCaches (0ms)
			SetupLoadedEditorAssemblies (371ms)
				LogAssemblyErrors (0ms)
				InitializePlatformSupportModulesInManaged (251ms)
				SetLoadedEditorAssemblies (4ms)
				RefreshPlugins (0ms)
				BeforeProcessingInitializeOnLoad (1ms)
				ProcessInitializeOnLoadAttributes (76ms)
				ProcessInitializeOnLoadMethodAttributes (39ms)
				AfterProcessingInitializeOnLoad (0ms)
				EditorAssembliesLoaded (0ms)
			ExecutionOrderSort2 (0ms)
			AwakeInstancesAfterBackupRestoration (0ms)
========================================================================
Worker process is ready to serve import requests
Begin MonoManager ReloadAssembly
Symbol file LoadedFromMemory doesn't match image E:\Unity\LZ_Github\LZ\Library\PackageCache\com.unity.visualscripting@1.7.8\Editor\VisualScripting.Core\Dependencies\YamlDotNet\Unity.VisualScripting.YamlDotNet.dll
Symbol file LoadedFromMemory doesn't match image E:\Unity\LZ_Github\LZ\Library\PackageCache\com.unity.visualscripting@1.7.8\Editor\VisualScripting.Core\Dependencies\DotNetZip\Unity.VisualScripting.IonicZip.dll
- Loaded All Assemblies, in  0.624 seconds
Refreshing native plugins compatible for Editor in 4.17 ms, found 4 plugins.
Native extension for WindowsStandalone target not found
Native extension for Android target not found
Mono: successfully reloaded assembly
Package Manager log level set to [2]
[Package Manager] Server::EnsureServerProcessIsRunning -- launch failed, reason: Unity was launched with the -noUpm command-line argument
[Package Manager] UpmClient::Send -- Unable to send message (not connected to UPM process).
[Package Manager] Cannot connect to Unity Package Manager local server
[Package Manager] Server::EnsureServerProcessIsRunning -- launch failed, reason: Unity was launched with the -noUpm command-line argument
[Package Manager] UpmClient::Send -- Unable to send message (not connected to UPM process).
[Package Manager] Cannot connect to Unity Package Manager local server
- Finished resetting the current domain, in  0.499 seconds
Domain Reload Profiling:
	ReloadAssembly (174ms)
		BeginReloadAssembly (100ms)
			ExecutionOrderSort (0ms)
			DisableScriptedObjects (4ms)
			BackupInstance (0ms)
			ReleaseScriptingObjects (0ms)
			CreateAndSetChildDomain (17ms)
		LoadAllAssembliesAndSetupDomain (448ms)
			LoadAssemblies (87ms)
			RebuildTransferFunctionScriptingTraits (0ms)
			SetupTypeCache (407ms)
				TypeCache.Initialize (225ms)
					TypeCache.ScanAssembly (222ms)
				ResolveRequiredComponents (4ms)
		FinalizeReload (0ms)
			ReleaseScriptCaches (0ms)
			RebuildScriptCaches (0ms)
			SetupLoadedEditorAssemblies (367ms)
				LogAssemblyErrors (0ms)
				InitializePlatformSupportModulesInManaged (16ms)
				SetLoadedEditorAssemblies (7ms)
				RefreshPlugins (0ms)
				BeforeProcessingInitializeOnLoad (100ms)
				ProcessInitializeOnLoadAttributes (205ms)
				ProcessInitializeOnLoadMethodAttributes (31ms)
				AfterProcessingInitializeOnLoad (8ms)
				EditorAssembliesLoaded (0ms)
			ExecutionOrderSort2 (0ms)
			AwakeInstancesAfterBackupRestoration (10ms)
Launched and connected shader compiler UnityShaderCompiler.exe after 0.04 seconds
Refreshing native plugins compatible for Editor in 4.41 ms, found 4 plugins.
Preloading 0 native plugins for Editor in 0.00 ms.
Unloading 4537 Unused Serialized files (Serialized files now loaded: 0)
Unloading 60 unused Assets / (83.3 KB). Loaded Objects now: 4978.
Memory consumption went from 0.67 GB to 0.67 GB.
Total: 3.518100 ms (FindLiveObjects: 0.269900 ms CreateObjectMapping: 0.165000 ms MarkObjects: 2.953100 ms  DeleteObjects: 0.128800 ms)

AssetImportParameters requested are different than current active one (requested -> active):
  custom:container-demuxer-ogg: 62fdf1f143b41e24485cea50d1cbac27 -> 
  custom:video-codec-MediaFoundation-h265: 746d11721c4dcdbdad8f713fa42b33f4 -> 
  custom:video-decoder-ogg-theora: a1e56fd34408186e4bbccfd4996cb3dc -> 
  custom:framework-win-MediaFoundation: 216162199b28c13a410421893ffa2e32 -> 
  custom:container-demuxer-webm: 4f35f7cbe854078d1ac9338744f61a02 -> 
  custom:container-muxer-webm: aa71ff27fc2769a1b78a27578f13a17b -> 
  custom:video-decoder-webm-vp8: 9c59270c3fd7afecdb556c50c9e8de78 -> 
  custom:AudioImporter_EditorPlatform: d09bf68614088b80899f8185d706f6e7 -> 
  custom:video-encoder-webm-vp8: eb34c28f22e8b96e1ab97ce403110664 -> 
  custom:audio-decoder-ogg-vorbis: bf7c407c2cedff20999df2af8eb42d56 -> 
  custom:audio-encoder-webm-vorbis: bf7c407c2cedff20999df2af8eb42d56 -> 
========================================================================
Received Import Request.
  Time since last request: 1544728.344831 seconds.
  path: Assets/Sprites/Buildings/greenHouse_1_0.png
  artifactKey: Guid(711e35205526ff340a3b3e522dae2f72) Importer(815301076,1909f56bfc062723c751e8b465ee728b)
Number of updated assets reloaded before import = 0
Start importing Assets/Sprites/Buildings/greenHouse_1_0.png using Guid(711e35205526ff340a3b3e522dae2f72) Importer(815301076,1909f56bfc062723c751e8b465ee728b)  -> (artifact id: '117a0c9510f94f10428d1c198f18dc6b') in 0.064811 seconds 
Number of asset objects unloaded after import = 2
========================================================================
Received Import Request.
  Time since last request: 0.000026 seconds.
  path: Assets/Sprites/Buildings/redHouse_4_0.png
  artifactKey: Guid(d05cf1dd7d208154790d22285b40d8b8) Importer(815301076,1909f56bfc062723c751e8b465ee728b)
Number of updated assets reloaded before import = 0
Start importing Assets/Sprites/Buildings/redHouse_4_0.png using Guid(d05cf1dd7d208154790d22285b40d8b8) Importer(815301076,1909f56bfc062723c751e8b465ee728b)  -> (artifact id: '957ec7d0f8dc09efad4145734abb19ff') in 0.010393 seconds 
Number of asset objects unloaded after import = 2
========================================================================
Received Import Request.
  Time since last request: 0.000031 seconds.
  path: Assets/Sprites/Buildings/redHouse_0_1.png
  artifactKey: Guid(a8f2df5cb9d63ad46bce4ec3eb2a7241) Importer(815301076,1909f56bfc062723c751e8b465ee728b)
Number of updated assets reloaded before import = 0
Start importing Assets/Sprites/Buildings/redHouse_0_1.png using Guid(a8f2df5cb9d63ad46bce4ec3eb2a7241) Importer(815301076,1909f56bfc062723c751e8b465ee728b)  -> (artifact id: 'ecb921ad0a22b7366ff5ce119261150b') in 0.011808 seconds 
Number of asset objects unloaded after import = 2
========================================================================
Received Import Request.
  Time since last request: 0.000029 seconds.
  path: Assets/Sprites/Buildings/redHouse_1_0.png
  artifactKey: Guid(d38169e876059994da6beef288dfbdbf) Importer(815301076,1909f56bfc062723c751e8b465ee728b)
Number of updated assets reloaded before import = 0
Start importing Assets/Sprites/Buildings/redHouse_1_0.png using Guid(d38169e876059994da6beef288dfbdbf) Importer(815301076,1909f56bfc062723c751e8b465ee728b)  -> (artifact id: '9695d4a256e696504c6cc1a493907f4a') in 0.012896 seconds 
Number of asset objects unloaded after import = 2
========================================================================
Received Import Request.
  Time since last request: 0.000022 seconds.
  path: Assets/Sprites/Buildings/greenHouse_2_1.png
  artifactKey: Guid(5c4fecbb22f511a458b32c70f0143712) Importer(815301076,1909f56bfc062723c751e8b465ee728b)
Number of updated assets reloaded before import = 0
Start importing Assets/Sprites/Buildings/greenHouse_2_1.png using Guid(5c4fecbb22f511a458b32c70f0143712) Importer(815301076,1909f56bfc062723c751e8b465ee728b)  -> (artifact id: 'b823b8fdf3bd3c875665a8ec77d30791') in 0.009243 seconds 
Number of asset objects unloaded after import = 2
========================================================================
Received Import Request.
  Time since last request: 0.000027 seconds.
  path: Assets/Sprites/Buildings/redHouse_0_0.png
  artifactKey: Guid(21732c442f281ed48b0528b4f8a16b21) Importer(815301076,1909f56bfc062723c751e8b465ee728b)
Number of updated assets reloaded before import = 0
Start importing Assets/Sprites/Buildings/redHouse_0_0.png using Guid(21732c442f281ed48b0528b4f8a16b21) Importer(815301076,1909f56bfc062723c751e8b465ee728b)  -> (artifact id: '2ff18cd8a12ca41af1305016f573b535') in 0.008490 seconds 
Number of asset objects unloaded after import = 2
========================================================================
Received Import Request.
  Time since last request: 0.000020 seconds.
  path: Assets/Sprites/Buildings/greenHouse_4_0.png
  artifactKey: Guid(6a2605dcc85cdb44c9fc442a64ab973a) Importer(815301076,1909f56bfc062723c751e8b465ee728b)
Number of updated assets reloaded before import = 0
Start importing Assets/Sprites/Buildings/greenHouse_4_0.png using Guid(6a2605dcc85cdb44c9fc442a64ab973a) Importer(815301076,1909f56bfc062723c751e8b465ee728b)  -> (artifact id: '0ff3774dde615acc9ef858328bdc70d3') in 0.010676 seconds 
Number of asset objects unloaded after import = 2
========================================================================
Received Import Request.
  Time since last request: 0.000019 seconds.
  path: Assets/Sprites/Buildings/greenHouse_3_0.png
  artifactKey: Guid(40b2fc5bd8a5dfb4ab5cca0388536d22) Importer(815301076,1909f56bfc062723c751e8b465ee728b)
Number of updated assets reloaded before import = 0
Start importing Assets/Sprites/Buildings/greenHouse_3_0.png using Guid(40b2fc5bd8a5dfb4ab5cca0388536d22) Importer(815301076,1909f56bfc062723c751e8b465ee728b)  -> (artifact id: 'ab82161cb3d5c3c7f37616b5beac7838') in 0.012230 seconds 
Number of asset objects unloaded after import = 2
========================================================================
Received Import Request.
  Time since last request: 0.000022 seconds.
  path: Assets/Sprites/Buildings/redHouse_3_1.png
  artifactKey: Guid(9f7822898ea81de4280896845e36b6a6) Importer(815301076,1909f56bfc062723c751e8b465ee728b)
Number of updated assets reloaded before import = 0
Start importing Assets/Sprites/Buildings/redHouse_3_1.png using Guid(9f7822898ea81de4280896845e36b6a6) Importer(815301076,1909f56bfc062723c751e8b465ee728b)  -> (artifact id: 'cc90572ca25701a34af9dbce47060e19') in 0.010416 seconds 
Number of asset objects unloaded after import = 2
========================================================================
Received Import Request.
  Time since last request: 0.000022 seconds.
  path: Assets/Sprites/Buildings/greenHouse_4_1.png
  artifactKey: Guid(c4a3baea4b760a44da41eff0285e6ae8) Importer(815301076,1909f56bfc062723c751e8b465ee728b)
Number of updated assets reloaded before import = 0
Start importing Assets/Sprites/Buildings/greenHouse_4_1.png using Guid(c4a3baea4b760a44da41eff0285e6ae8) Importer(815301076,1909f56bfc062723c751e8b465ee728b)  -> (artifact id: 'd13e1f34b815f14198d4e1aa34ad051e') in 0.009346 seconds 
Number of asset objects unloaded after import = 2
========================================================================
Received Import Request.
  Time since last request: 0.000016 seconds.
  path: Assets/Sprites/Buildings/redHouse_3_0.png
  artifactKey: Guid(d3ec4b808e0441f41a760a95f43774d8) Importer(815301076,1909f56bfc062723c751e8b465ee728b)
Number of updated assets reloaded before import = 0
Start importing Assets/Sprites/Buildings/redHouse_3_0.png using Guid(d3ec4b808e0441f41a760a95f43774d8) Importer(815301076,1909f56bfc062723c751e8b465ee728b)  -> (artifact id: '359fbcf076ac27cb18b344992d3f1ee4') in 0.008393 seconds 
Number of asset objects unloaded after import = 2
========================================================================
Received Import Request.
  Time since last request: 0.000022 seconds.
  path: Assets/Sprites/Buildings/redHouse_2_0.png
  artifactKey: Guid(b4820af6be5bae547b849e7db7bcae05) Importer(815301076,1909f56bfc062723c751e8b465ee728b)
Number of updated assets reloaded before import = 0
Start importing Assets/Sprites/Buildings/redHouse_2_0.png using Guid(b4820af6be5bae547b849e7db7bcae05) Importer(815301076,1909f56bfc062723c751e8b465ee728b)  -> (artifact id: '10bd0326a41e7795ddfebb950da6877e') in 0.007668 seconds 
Number of asset objects unloaded after import = 2
========================================================================
Received Import Request.
  Time since last request: 3.864851 seconds.
  path: Assets/Sprites/Buildings/blueHouse_1_0.png
  artifactKey: Guid(7fce656407febb646b1676c5c19de7ed) Importer(815301076,1909f56bfc062723c751e8b465ee728b)
Number of updated assets reloaded before import = 0
Start importing Assets/Sprites/Buildings/blueHouse_1_0.png using Guid(7fce656407febb646b1676c5c19de7ed) Importer(815301076,1909f56bfc062723c751e8b465ee728b)  -> (artifact id: '8a7ed312ed1a92a35362908be36a28e5') in 0.009171 seconds 
Number of asset objects unloaded after import = 2
========================================================================
Received Import Request.
  Time since last request: 0.000019 seconds.
  path: Assets/Sprites/Buildings/blueHouse_4_0.png
  artifactKey: Guid(7f05e68d7e41606438c70c31f7cfee1e) Importer(815301076,1909f56bfc062723c751e8b465ee728b)
Number of updated assets reloaded before import = 0
Start importing Assets/Sprites/Buildings/blueHouse_4_0.png using Guid(7f05e68d7e41606438c70c31f7cfee1e) Importer(815301076,1909f56bfc062723c751e8b465ee728b)  -> (artifact id: 'e0a48e0e0e81017c4d55b5be827c4eee') in 0.009141 seconds 
Number of asset objects unloaded after import = 2
========================================================================
Received Import Request.
  Time since last request: 0.000023 seconds.
  path: Assets/Sprites/Buildings/blueHouse_1_1.png
  artifactKey: Guid(74a6b543a9ef9104f90aa3c3df5a164d) Importer(815301076,1909f56bfc062723c751e8b465ee728b)
Number of updated assets reloaded before import = 0
Start importing Assets/Sprites/Buildings/blueHouse_1_1.png using Guid(74a6b543a9ef9104f90aa3c3df5a164d) Importer(815301076,1909f56bfc062723c751e8b465ee728b)  -> (artifact id: '3e520e72fec0c1d37252451b5d61042a') in 0.009213 seconds 
Number of asset objects unloaded after import = 2
========================================================================
Received Import Request.
  Time since last request: 0.000019 seconds.
  path: Assets/Sprites/Buildings/blueShop_0.png
  artifactKey: Guid(b025c25b2f409f54dae048aa79ec5cfb) Importer(815301076,1909f56bfc062723c751e8b465ee728b)
Number of updated assets reloaded before import = 0
Start importing Assets/Sprites/Buildings/blueShop_0.png using Guid(b025c25b2f409f54dae048aa79ec5cfb) Importer(815301076,1909f56bfc062723c751e8b465ee728b)  -> (artifact id: '7e7afc5dfd27ff67661f7bdeafe7dcf4') in 0.012432 seconds 
Number of asset objects unloaded after import = 2
========================================================================
Received Import Request.
  Time since last request: 0.000028 seconds.
  path: Assets/Sprites/Buildings/blueHouse_3_1.png
  artifactKey: Guid(697e2aae98a0414439784af40138be43) Importer(815301076,1909f56bfc062723c751e8b465ee728b)
Number of updated assets reloaded before import = 0
Start importing Assets/Sprites/Buildings/blueHouse_3_1.png using Guid(697e2aae98a0414439784af40138be43) Importer(815301076,1909f56bfc062723c751e8b465ee728b)  -> (artifact id: 'f110ddff7735e9ae694e77ce20b1844a') in 0.010393 seconds 
Number of asset objects unloaded after import = 2
